Start testing: Jul 23 15:01 UTC
----------------------------------------------------------
1/188 Testing: Morton.Even
1/188 Test: Morton.Even
Command: "/workspaces/longfellow-zk/clang-build-release/util/ceildiv_test" "--gtest_filter=Morton.Even" "--gtest_also_run_disabled_tests"
Directory: /workspaces/longfellow-zk/clang-build-release/util
"Morton.Even" start time: Jul 23 15:01 UTC
Output:
----------------------------------------------------------
Note: Google Test filter = Morton.Even
[==========] Running 1 test from 1 test suite.
[----------] Global test environment set-up.
[----------] 1 test from Morton
[ RUN      ] Morton.Even
[       OK ] Morton.Even (0 ms)
[----------] 1 test from Morton (0 ms total)

[----------] Global test environment tear-down
[==========] 1 test from 1 test suite ran. (0 ms total)
[  PASSED  ] 1 test.
<end of output>
Test time =   0.10 sec
----------------------------------------------------------
Test Passed.
"Morton.Even" end time: Jul 23 15:01 UTC
"Morton.Even" time elapsed: 00:00:00
----------------------------------------------------------

2/188 Testing: Morton.Uneven
2/188 Test: Morton.Uneven
Command: "/workspaces/longfellow-zk/clang-build-release/util/ceildiv_test" "--gtest_filter=Morton.Uneven" "--gtest_also_run_disabled_tests"
Directory: /workspaces/longfellow-zk/clang-build-release/util
"Morton.Uneven" start time: Jul 23 15:01 UTC
Output:
----------------------------------------------------------
Note: Google Test filter = Morton.Uneven
[==========] Running 1 test from 1 test suite.
[----------] Global test environment set-up.
[----------] 1 test from Morton
[ RUN      ] Morton.Uneven
[       OK ] Morton.Uneven (0 ms)
[----------] 1 test from Morton (0 ms total)

[----------] Global test environment tear-down
[==========] 1 test from 1 test suite ran. (0 ms total)
[  PASSED  ] 1 test.
<end of output>
Test time =   0.00 sec
----------------------------------------------------------
Test Passed.
"Morton.Uneven" end time: Jul 23 15:01 UTC
"Morton.Uneven" time elapsed: 00:00:00
----------------------------------------------------------

3/188 Testing: Morton.AddSub
3/188 Test: Morton.AddSub
Command: "/workspaces/longfellow-zk/clang-build-release/util/ceildiv_test" "--gtest_filter=Morton.AddSub" "--gtest_also_run_disabled_tests"
Directory: /workspaces/longfellow-zk/clang-build-release/util
"Morton.AddSub" start time: Jul 23 15:01 UTC
Output:
----------------------------------------------------------
Note: Google Test filter = Morton.AddSub
[==========] Running 1 test from 1 test suite.
[----------] Global test environment set-up.
[----------] 1 test from Morton
[ RUN      ] Morton.AddSub
[       OK ] Morton.AddSub (106 ms)
[----------] 1 test from Morton (106 ms total)

[----------] Global test environment tear-down
[==========] 1 test from 1 test suite ran. (106 ms total)
[  PASSED  ] 1 test.
<end of output>
Test time =   0.11 sec
----------------------------------------------------------
Test Passed.
"Morton.AddSub" end time: Jul 23 15:01 UTC
"Morton.AddSub" time elapsed: 00:00:00
----------------------------------------------------------

4/188 Testing: FFTInterpolation.Simple
4/188 Test: FFTInterpolation.Simple
Command: "/workspaces/longfellow-zk/clang-build-release/algebra/fft_interpolation_test" "--gtest_filter=FFTInterpolation.Simple" "--gtest_also_run_disabled_tests"
Directory: /workspaces/longfellow-zk/clang-build-release/algebra
"FFTInterpolation.Simple" start time: Jul 23 15:01 UTC
Output:
----------------------------------------------------------
Note: Google Test filter = FFTInterpolation.Simple
[==========] Running 1 test from 1 test suite.
[----------] Global test environment set-up.
[----------] 1 test from FFTInterpolation
[ RUN      ] FFTInterpolation.Simple
[       OK ] FFTInterpolation.Simple (8 ms)
[----------] 1 test from FFTInterpolation (8 ms total)

[----------] Global test environment tear-down
[==========] 1 test from 1 test suite ran. (9 ms total)
[  PASSED  ] 1 test.
<end of output>
Test time =   0.15 sec
----------------------------------------------------------
Test Passed.
"FFTInterpolation.Simple" end time: Jul 23 15:01 UTC
"FFTInterpolation.Simple" time elapsed: 00:00:00
----------------------------------------------------------

5/188 Testing: FFTInterpolation.Product
5/188 Test: FFTInterpolation.Product
Command: "/workspaces/longfellow-zk/clang-build-release/algebra/fft_interpolation_test" "--gtest_filter=FFTInterpolation.Product" "--gtest_also_run_disabled_tests"
Directory: /workspaces/longfellow-zk/clang-build-release/algebra
"FFTInterpolation.Product" start time: Jul 23 15:01 UTC
Output:
----------------------------------------------------------
Note: Google Test filter = FFTInterpolation.Product
[==========] Running 1 test from 1 test suite.
[----------] Global test environment set-up.
[----------] 1 test from FFTInterpolation
[ RUN      ] FFTInterpolation.Product
[       OK ] FFTInterpolation.Product (2 ms)
[----------] 1 test from FFTInterpolation (3 ms total)

[----------] Global test environment tear-down
[==========] 1 test from 1 test suite ran. (3 ms total)
[  PASSED  ] 1 test.
<end of output>
Test time =   0.01 sec
----------------------------------------------------------
Test Passed.
"FFTInterpolation.Product" end time: Jul 23 15:01 UTC
"FFTInterpolation.Product" time elapsed: 00:00:00
----------------------------------------------------------

6/188 Testing: Interpolation.Simple
6/188 Test: Interpolation.Simple
Command: "/workspaces/longfellow-zk/clang-build-release/algebra/interpolation_test" "--gtest_filter=Interpolation.Simple" "--gtest_also_run_disabled_tests"
Directory: /workspaces/longfellow-zk/clang-build-release/algebra
"Interpolation.Simple" start time: Jul 23 15:01 UTC
Output:
----------------------------------------------------------
Note: Google Test filter = Interpolation.Simple
[==========] Running 1 test from 1 test suite.
[----------] Global test environment set-up.
[----------] 1 test from Interpolation
[ RUN      ] Interpolation.Simple
[       OK ] Interpolation.Simple (0 ms)
[----------] 1 test from Interpolation (0 ms total)

[----------] Global test environment tear-down
[==========] 1 test from 1 test suite ran. (0 ms total)
[  PASSED  ] 1 test.
<end of output>
Test time =   0.04 sec
----------------------------------------------------------
Test Passed.
"Interpolation.Simple" end time: Jul 23 15:01 UTC
"Interpolation.Simple" time elapsed: 00:00:00
----------------------------------------------------------

7/188 Testing: ReedSolomonTest.ReedSolomon
7/188 Test: ReedSolomonTest.ReedSolomon
Command: "/workspaces/longfellow-zk/clang-build-release/algebra/reed_solomon_test" "--gtest_filter=ReedSolomonTest.ReedSolomon" "--gtest_also_run_disabled_tests"
Directory: /workspaces/longfellow-zk/clang-build-release/algebra
"ReedSolomonTest.ReedSolomon" start time: Jul 23 15:01 UTC
Output:
----------------------------------------------------------
Note: Google Test filter = ReedSolomonTest.ReedSolomon
[==========] Running 1 test from 1 test suite.
[----------] Global test environment set-up.
[----------] 1 test from ReedSolomonTest
[ RUN      ] ReedSolomonTest.ReedSolomon
[       OK ] ReedSolomonTest.ReedSolomon (2 ms)
[----------] 1 test from ReedSolomonTest (3 ms total)

[----------] Global test environment tear-down
[==========] 1 test from 1 test suite ran. (5 ms total)
[  PASSED  ] 1 test.
<end of output>
Test time =   0.11 sec
----------------------------------------------------------
Test Passed.
"ReedSolomonTest.ReedSolomon" end time: Jul 23 15:01 UTC
"ReedSolomonTest.ReedSolomon" time elapsed: 00:00:00
----------------------------------------------------------

8/188 Testing: ReedSolomonTest.SlowConvolutionFactory
8/188 Test: ReedSolomonTest.SlowConvolutionFactory
Command: "/workspaces/longfellow-zk/clang-build-release/algebra/reed_solomon_test" "--gtest_filter=ReedSolomonTest.SlowConvolutionFactory" "--gtest_also_run_disabled_tests"
Directory: /workspaces/longfellow-zk/clang-build-release/algebra
"ReedSolomonTest.SlowConvolutionFactory" start time: Jul 23 15:01 UTC
Output:
----------------------------------------------------------
Note: Google Test filter = ReedSolomonTest.SlowConvolutionFactory
[==========] Running 1 test from 1 test suite.
[----------] Global test environment set-up.
[----------] 1 test from ReedSolomonTest
[ RUN      ] ReedSolomonTest.SlowConvolutionFactory
[       OK ] ReedSolomonTest.SlowConvolutionFactory (0 ms)
[----------] 1 test from ReedSolomonTest (0 ms total)

[----------] Global test environment tear-down
[==========] 1 test from 1 test suite ran. (1 ms total)
[  PASSED  ] 1 test.
<end of output>
Test time =   0.01 sec
----------------------------------------------------------
Test Passed.
"ReedSolomonTest.SlowConvolutionFactory" end time: Jul 23 15:01 UTC
"ReedSolomonTest.SlowConvolutionFactory" time elapsed: 00:00:00
----------------------------------------------------------

9/188 Testing: ReedSolomonTest.LowDegreePolynomial
9/188 Test: ReedSolomonTest.LowDegreePolynomial
Command: "/workspaces/longfellow-zk/clang-build-release/algebra/reed_solomon_test" "--gtest_filter=ReedSolomonTest.LowDegreePolynomial" "--gtest_also_run_disabled_tests"
Directory: /workspaces/longfellow-zk/clang-build-release/algebra
"ReedSolomonTest.LowDegreePolynomial" start time: Jul 23 15:01 UTC
Output:
----------------------------------------------------------
Note: Google Test filter = ReedSolomonTest.LowDegreePolynomial
[==========] Running 1 test from 1 test suite.
[----------] Global test environment set-up.
[----------] 1 test from ReedSolomonTest
[ RUN      ] ReedSolomonTest.LowDegreePolynomial
[       OK ] ReedSolomonTest.LowDegreePolynomial (1 ms)
[----------] 1 test from ReedSolomonTest (1 ms total)

[----------] Global test environment tear-down
[==========] 1 test from 1 test suite ran. (1 ms total)
[  PASSED  ] 1 test.
<end of output>
Test time =   0.01 sec
----------------------------------------------------------
Test Passed.
"ReedSolomonTest.LowDegreePolynomial" end time: Jul 23 15:01 UTC
"ReedSolomonTest.LowDegreePolynomial" time elapsed: 00:00:00
----------------------------------------------------------

10/188 Testing: ReedSolomonTest.FieldExtension
10/188 Test: ReedSolomonTest.FieldExtension
Command: "/workspaces/longfellow-zk/clang-build-release/algebra/reed_solomon_test" "--gtest_filter=ReedSolomonTest.FieldExtension" "--gtest_also_run_disabled_tests"
Directory: /workspaces/longfellow-zk/clang-build-release/algebra
"ReedSolomonTest.FieldExtension" start time: Jul 23 15:01 UTC
Output:
----------------------------------------------------------
Note: Google Test filter = ReedSolomonTest.FieldExtension
[==========] Running 1 test from 1 test suite.
[----------] Global test environment set-up.
[----------] 1 test from ReedSolomonTest
[ RUN      ] ReedSolomonTest.FieldExtension
[       OK ] ReedSolomonTest.FieldExtension (0 ms)
[----------] 1 test from ReedSolomonTest (0 ms total)

[----------] Global test environment tear-down
[==========] 1 test from 1 test suite ran. (0 ms total)
[  PASSED  ] 1 test.
<end of output>
Test time =   0.00 sec
----------------------------------------------------------
Test Passed.
"ReedSolomonTest.FieldExtension" end time: Jul 23 15:01 UTC
"ReedSolomonTest.FieldExtension" time elapsed: 00:00:00
----------------------------------------------------------

11/188 Testing: Reed_Solomon.Product
11/188 Test: Reed_Solomon.Product
Command: "/workspaces/longfellow-zk/clang-build-release/algebra/reed_solomon_test" "--gtest_filter=Reed_Solomon.Product" "--gtest_also_run_disabled_tests"
Directory: /workspaces/longfellow-zk/clang-build-release/algebra
"Reed_Solomon.Product" start time: Jul 23 15:01 UTC
Output:
----------------------------------------------------------
Note: Google Test filter = Reed_Solomon.Product
[==========] Running 1 test from 1 test suite.
[----------] Global test environment set-up.
[----------] 1 test from Reed_Solomon
[ RUN      ] Reed_Solomon.Product
[       OK ] Reed_Solomon.Product (0 ms)
[----------] 1 test from Reed_Solomon (0 ms total)

[----------] Global test environment tear-down
[==========] 1 test from 1 test suite ran. (0 ms total)
[  PASSED  ] 1 test.
<end of output>
Test time =   0.00 sec
----------------------------------------------------------
Test Passed.
"Reed_Solomon.Product" end time: Jul 23 15:01 UTC
"Reed_Solomon.Product" time elapsed: 00:00:00
----------------------------------------------------------

12/188 Testing: FFT.Inverse
12/188 Test: FFT.Inverse
Command: "/workspaces/longfellow-zk/clang-build-release/algebra/fft_test" "--gtest_filter=FFT.Inverse" "--gtest_also_run_disabled_tests"
Directory: /workspaces/longfellow-zk/clang-build-release/algebra
"FFT.Inverse" start time: Jul 23 15:01 UTC
Output:
----------------------------------------------------------
Note: Google Test filter = FFT.Inverse
[==========] Running 1 test from 1 test suite.
[----------] Global test environment set-up.
[----------] 1 test from FFT
[ RUN      ] FFT.Inverse
[       OK ] FFT.Inverse (201 ms)
[----------] 1 test from FFT (201 ms total)

[----------] Global test environment tear-down
[==========] 1 test from 1 test suite ran. (201 ms total)
[  PASSED  ] 1 test.
<end of output>
Test time =   0.28 sec
----------------------------------------------------------
Test Passed.
"FFT.Inverse" end time: Jul 23 15:01 UTC
"FFT.Inverse" time elapsed: 00:00:00
----------------------------------------------------------

13/188 Testing: FFT.Linear
13/188 Test: FFT.Linear
Command: "/workspaces/longfellow-zk/clang-build-release/algebra/fft_test" "--gtest_filter=FFT.Linear" "--gtest_also_run_disabled_tests"
Directory: /workspaces/longfellow-zk/clang-build-release/algebra
"FFT.Linear" start time: Jul 23 15:01 UTC
Output:
----------------------------------------------------------
Note: Google Test filter = FFT.Linear
[==========] Running 1 test from 1 test suite.
[----------] Global test environment set-up.
[----------] 1 test from FFT
[ RUN      ] FFT.Linear
[       OK ] FFT.Linear (72 ms)
[----------] 1 test from FFT (72 ms total)

[----------] Global test environment tear-down
[==========] 1 test from 1 test suite ran. (72 ms total)
[  PASSED  ] 1 test.
<end of output>
Test time =   0.08 sec
----------------------------------------------------------
Test Passed.
"FFT.Linear" end time: Jul 23 15:01 UTC
"FFT.Linear" time elapsed: 00:00:00
----------------------------------------------------------

14/188 Testing: FFT.Impulse
14/188 Test: FFT.Impulse
Command: "/workspaces/longfellow-zk/clang-build-release/algebra/fft_test" "--gtest_filter=FFT.Impulse" "--gtest_also_run_disabled_tests"
Directory: /workspaces/longfellow-zk/clang-build-release/algebra
"FFT.Impulse" start time: Jul 23 15:01 UTC
Output:
----------------------------------------------------------
Note: Google Test filter = FFT.Impulse
[==========] Running 1 test from 1 test suite.
[----------] Global test environment set-up.
[----------] 1 test from FFT
[ RUN      ] FFT.Impulse
[       OK ] FFT.Impulse (67 ms)
[----------] 1 test from FFT (67 ms total)

[----------] Global test environment tear-down
[==========] 1 test from 1 test suite ran. (67 ms total)
[  PASSED  ] 1 test.
<end of output>
Test time =   0.07 sec
----------------------------------------------------------
Test Passed.
"FFT.Impulse" end time: Jul 23 15:01 UTC
"FFT.Impulse" time elapsed: 00:00:00
----------------------------------------------------------

15/188 Testing: FFT.RootOfUnity
15/188 Test: FFT.RootOfUnity
Command: "/workspaces/longfellow-zk/clang-build-release/algebra/fft_test" "--gtest_filter=FFT.RootOfUnity" "--gtest_also_run_disabled_tests"
Directory: /workspaces/longfellow-zk/clang-build-release/algebra
"FFT.RootOfUnity" start time: Jul 23 15:01 UTC
Output:
----------------------------------------------------------
Note: Google Test filter = FFT.RootOfUnity
[==========] Running 1 test from 1 test suite.
[----------] Global test environment set-up.
[----------] 1 test from FFT
[ RUN      ] FFT.RootOfUnity
[       OK ] FFT.RootOfUnity (0 ms)
[----------] 1 test from FFT (0 ms total)

[----------] Global test environment tear-down
[==========] 1 test from 1 test suite ran. (0 ms total)
[  PASSED  ] 1 test.
<end of output>
Test time =   0.00 sec
----------------------------------------------------------
Test Passed.
"FFT.RootOfUnity" end time: Jul 23 15:01 UTC
"FFT.RootOfUnity" time elapsed: 00:00:00
----------------------------------------------------------

16/188 Testing: FFT.Shift
16/188 Test: FFT.Shift
Command: "/workspaces/longfellow-zk/clang-build-release/algebra/fft_test" "--gtest_filter=FFT.Shift" "--gtest_also_run_disabled_tests"
Directory: /workspaces/longfellow-zk/clang-build-release/algebra
"FFT.Shift" start time: Jul 23 15:01 UTC
Output:
----------------------------------------------------------
Note: Google Test filter = FFT.Shift
[==========] Running 1 test from 1 test suite.
[----------] Global test environment set-up.
[----------] 1 test from FFT
[ RUN      ] FFT.Shift
[       OK ] FFT.Shift (80 ms)
[----------] 1 test from FFT (80 ms total)

[----------] Global test environment tear-down
[==========] 1 test from 1 test suite ran. (81 ms total)
[  PASSED  ] 1 test.
<end of output>
Test time =   0.08 sec
----------------------------------------------------------
Test Passed.
"FFT.Shift" end time: Jul 23 15:01 UTC
"FFT.Shift" time elapsed: 00:00:00
----------------------------------------------------------

17/188 Testing: Limb.Scalar
17/188 Test: Limb.Scalar
Command: "/workspaces/longfellow-zk/clang-build-release/algebra/limb_test" "--gtest_filter=Limb.Scalar" "--gtest_also_run_disabled_tests"
Directory: /workspaces/longfellow-zk/clang-build-release/algebra
"Limb.Scalar" start time: Jul 23 15:01 UTC
Output:
----------------------------------------------------------
Note: Google Test filter = Limb.Scalar
[==========] Running 1 test from 1 test suite.
[----------] Global test environment set-up.
[----------] 1 test from Limb
[ RUN      ] Limb.Scalar
[       OK ] Limb.Scalar (0 ms)
[----------] 1 test from Limb (0 ms total)

[----------] Global test environment tear-down
[==========] 1 test from 1 test suite ran. (0 ms total)
[  PASSED  ] 1 test.
<end of output>
Test time =   0.01 sec
----------------------------------------------------------
Test Passed.
"Limb.Scalar" end time: Jul 23 15:01 UTC
"Limb.Scalar" time elapsed: 00:00:00
----------------------------------------------------------

18/188 Testing: Limb.Array
18/188 Test: Limb.Array
Command: "/workspaces/longfellow-zk/clang-build-release/algebra/limb_test" "--gtest_filter=Limb.Array" "--gtest_also_run_disabled_tests"
Directory: /workspaces/longfellow-zk/clang-build-release/algebra
"Limb.Array" start time: Jul 23 15:01 UTC
Output:
----------------------------------------------------------
Note: Google Test filter = Limb.Array
[==========] Running 1 test from 1 test suite.
[----------] Global test environment set-up.
[----------] 1 test from Limb
[ RUN      ] Limb.Array
[       OK ] Limb.Array (0 ms)
[----------] 1 test from Limb (0 ms total)

[----------] Global test environment tear-down
[==========] 1 test from 1 test suite ran. (0 ms total)
[  PASSED  ] 1 test.
<end of output>
Test time =   0.00 sec
----------------------------------------------------------
Test Passed.
"Limb.Array" end time: Jul 23 15:01 UTC
"Limb.Array" time elapsed: 00:00:00
----------------------------------------------------------

19/188 Testing: RFFTTest.Simple
19/188 Test: RFFTTest.Simple
Command: "/workspaces/longfellow-zk/clang-build-release/algebra/rfft_test" "--gtest_filter=RFFTTest.Simple" "--gtest_also_run_disabled_tests"
Directory: /workspaces/longfellow-zk/clang-build-release/algebra
"RFFTTest.Simple" start time: Jul 23 15:01 UTC
Output:
----------------------------------------------------------
Note: Google Test filter = RFFTTest.Simple
[==========] Running 1 test from 1 test suite.
[----------] Global test environment set-up.
[----------] 1 test from RFFTTest
[ RUN      ] RFFTTest.Simple
[       OK ] RFFTTest.Simple (5 ms)
[----------] 1 test from RFFTTest (5 ms total)

[----------] Global test environment tear-down
[==========] 1 test from 1 test suite ran. (5 ms total)
[  PASSED  ] 1 test.
<end of output>
Test time =   0.06 sec
----------------------------------------------------------
Test Passed.
"RFFTTest.Simple" end time: Jul 23 15:01 UTC
"RFFTTest.Simple" time elapsed: 00:00:00
----------------------------------------------------------

20/188 Testing: Fp2.All
20/188 Test: Fp2.All
Command: "/workspaces/longfellow-zk/clang-build-release/algebra/fp2_test" "--gtest_filter=Fp2.All" "--gtest_also_run_disabled_tests"
Directory: /workspaces/longfellow-zk/clang-build-release/algebra
"Fp2.All" start time: Jul 23 15:01 UTC
Output:
----------------------------------------------------------
Note: Google Test filter = Fp2.All
[==========] Running 1 test from 1 test suite.
[----------] Global test environment set-up.
[----------] 1 test from Fp2
[ RUN      ] Fp2.All
[       OK ] Fp2.All (147 ms)
[----------] 1 test from Fp2 (147 ms total)

[----------] Global test environment tear-down
[==========] 1 test from 1 test suite ran. (147 ms total)
[  PASSED  ] 1 test.
<end of output>
Test time =   0.28 sec
----------------------------------------------------------
Test Passed.
"Fp2.All" end time: Jul 23 15:01 UTC
"Fp2.All" time elapsed: 00:00:00
----------------------------------------------------------

21/188 Testing: Nat.Lt
21/188 Test: Nat.Lt
Command: "/workspaces/longfellow-zk/clang-build-release/algebra/nat_test" "--gtest_filter=Nat.Lt" "--gtest_also_run_disabled_tests"
Directory: /workspaces/longfellow-zk/clang-build-release/algebra
"Nat.Lt" start time: Jul 23 15:01 UTC
Output:
----------------------------------------------------------
Note: Google Test filter = Nat.Lt
[==========] Running 1 test from 1 test suite.
[----------] Global test environment set-up.
[----------] 1 test from Nat
[ RUN      ] Nat.Lt
[       OK ] Nat.Lt (0 ms)
[----------] 1 test from Nat (0 ms total)

[----------] Global test environment tear-down
[==========] 1 test from 1 test suite ran. (0 ms total)
[  PASSED  ] 1 test.
<end of output>
Test time =   0.01 sec
----------------------------------------------------------
Test Passed.
"Nat.Lt" end time: Jul 23 15:01 UTC
"Nat.Lt" time elapsed: 00:00:00
----------------------------------------------------------

22/188 Testing: Nat.InvModB64
22/188 Test: Nat.InvModB64
Command: "/workspaces/longfellow-zk/clang-build-release/algebra/nat_test" "--gtest_filter=Nat.InvModB64" "--gtest_also_run_disabled_tests"
Directory: /workspaces/longfellow-zk/clang-build-release/algebra
"Nat.InvModB64" start time: Jul 23 15:01 UTC
Output:
----------------------------------------------------------
Note: Google Test filter = Nat.InvModB64
[==========] Running 1 test from 1 test suite.
[----------] Global test environment set-up.
[----------] 1 test from Nat
[ RUN      ] Nat.InvModB64
[       OK ] Nat.InvModB64 (24 ms)
[----------] 1 test from Nat (24 ms total)

[----------] Global test environment tear-down
[==========] 1 test from 1 test suite ran. (24 ms total)
[  PASSED  ] 1 test.
<end of output>
Test time =   0.03 sec
----------------------------------------------------------
Test Passed.
"Nat.InvModB64" end time: Jul 23 15:01 UTC
"Nat.InvModB64" time elapsed: 00:00:00
----------------------------------------------------------

23/188 Testing: Nat.InvModB32
23/188 Test: Nat.InvModB32
Command: "/workspaces/longfellow-zk/clang-build-release/algebra/nat_test" "--gtest_filter=Nat.InvModB32" "--gtest_also_run_disabled_tests"
Directory: /workspaces/longfellow-zk/clang-build-release/algebra
"Nat.InvModB32" start time: Jul 23 15:01 UTC
Output:
----------------------------------------------------------
Note: Google Test filter = Nat.InvModB32
[==========] Running 1 test from 1 test suite.
[----------] Global test environment set-up.
[----------] 1 test from Nat
[ RUN      ] Nat.InvModB32
[       OK ] Nat.InvModB32 (20 ms)
[----------] 1 test from Nat (20 ms total)

[----------] Global test environment tear-down
[==========] 1 test from 1 test suite ran. (20 ms total)
[  PASSED  ] 1 test.
<end of output>
Test time =   0.02 sec
----------------------------------------------------------
Test Passed.
"Nat.InvModB32" end time: Jul 23 15:01 UTC
"Nat.InvModB32" time elapsed: 00:00:00
----------------------------------------------------------

24/188 Testing: Nat.Parsing
24/188 Test: Nat.Parsing
Command: "/workspaces/longfellow-zk/clang-build-release/algebra/nat_test" "--gtest_filter=Nat.Parsing" "--gtest_also_run_disabled_tests"
Directory: /workspaces/longfellow-zk/clang-build-release/algebra
"Nat.Parsing" start time: Jul 23 15:01 UTC
Output:
----------------------------------------------------------
Note: Google Test filter = Nat.Parsing
[==========] Running 1 test from 1 test suite.
[----------] Global test environment set-up.
[----------] 1 test from Nat
[ RUN      ] Nat.Parsing
[       OK ] Nat.Parsing (0 ms)
[----------] 1 test from Nat (0 ms total)

[----------] Global test environment tear-down
[==========] 1 test from 1 test suite ran. (0 ms total)
[  PASSED  ] 1 test.
<end of output>
Test time =   0.00 sec
----------------------------------------------------------
Test Passed.
"Nat.Parsing" end time: Jul 23 15:01 UTC
"Nat.Parsing" time elapsed: 00:00:00
----------------------------------------------------------

25/188 Testing: Nat.BadStrings
25/188 Test: Nat.BadStrings
Command: "/workspaces/longfellow-zk/clang-build-release/algebra/nat_test" "--gtest_filter=Nat.BadStrings" "--gtest_also_run_disabled_tests"
Directory: /workspaces/longfellow-zk/clang-build-release/algebra
"Nat.BadStrings" start time: Jul 23 15:01 UTC
Output:
----------------------------------------------------------
Note: Google Test filter = Nat.BadStrings
[==========] Running 1 test from 1 test suite.
[----------] Global test environment set-up.
[----------] 1 test from Nat
[ RUN      ] Nat.BadStrings
[       OK ] Nat.BadStrings (0 ms)
[----------] 1 test from Nat (0 ms total)

[----------] Global test environment tear-down
[==========] 1 test from 1 test suite ran. (0 ms total)
[  PASSED  ] 1 test.
<end of output>
Test time =   0.00 sec
----------------------------------------------------------
Test Passed.
"Nat.BadStrings" end time: Jul 23 15:01 UTC
"Nat.BadStrings" time elapsed: 00:00:00
----------------------------------------------------------

26/188 Testing: Nat.BadDigits
26/188 Test: Nat.BadDigits
Command: "/workspaces/longfellow-zk/clang-build-release/algebra/nat_test" "--gtest_filter=Nat.BadDigits" "--gtest_also_run_disabled_tests"
Directory: /workspaces/longfellow-zk/clang-build-release/algebra
"Nat.BadDigits" start time: Jul 23 15:01 UTC
Output:
----------------------------------------------------------
Note: Google Test filter = Nat.BadDigits
[==========] Running 1 test from 1 test suite.
[----------] Global test environment set-up.
[----------] 1 test from Nat
[ RUN      ] Nat.BadDigits
[       OK ] Nat.BadDigits (0 ms)
[----------] 1 test from Nat (0 ms total)

[----------] Global test environment tear-down
[==========] 1 test from 1 test suite ran. (0 ms total)
[  PASSED  ] 1 test.
<end of output>
Test time =   0.00 sec
----------------------------------------------------------
Test Passed.
"Nat.BadDigits" end time: Jul 23 15:01 UTC
"Nat.BadDigits" time elapsed: 00:00:00
----------------------------------------------------------

27/188 Testing: Sysdep.mulhl64
27/188 Test: Sysdep.mulhl64
Command: "/workspaces/longfellow-zk/clang-build-release/algebra/sysdep_test" "--gtest_filter=Sysdep.mulhl64" "--gtest_also_run_disabled_tests"
Directory: /workspaces/longfellow-zk/clang-build-release/algebra
"Sysdep.mulhl64" start time: Jul 23 15:01 UTC
Output:
----------------------------------------------------------
Note: Google Test filter = Sysdep.mulhl64
[==========] Running 1 test from 1 test suite.
[----------] Global test environment set-up.
[----------] 1 test from Sysdep
[ RUN      ] Sysdep.mulhl64
[       OK ] Sysdep.mulhl64 (0 ms)
[----------] 1 test from Sysdep (0 ms total)

[----------] Global test environment tear-down
[==========] 1 test from 1 test suite ran. (0 ms total)
[  PASSED  ] 1 test.
<end of output>
Test time =   0.01 sec
----------------------------------------------------------
Test Passed.
"Sysdep.mulhl64" end time: Jul 23 15:01 UTC
"Sysdep.mulhl64" time elapsed: 00:00:00
----------------------------------------------------------

28/188 Testing: Sysdep.mulhl32
28/188 Test: Sysdep.mulhl32
Command: "/workspaces/longfellow-zk/clang-build-release/algebra/sysdep_test" "--gtest_filter=Sysdep.mulhl32" "--gtest_also_run_disabled_tests"
Directory: /workspaces/longfellow-zk/clang-build-release/algebra
"Sysdep.mulhl32" start time: Jul 23 15:01 UTC
Output:
----------------------------------------------------------
Note: Google Test filter = Sysdep.mulhl32
[==========] Running 1 test from 1 test suite.
[----------] Global test environment set-up.
[----------] 1 test from Sysdep
[ RUN      ] Sysdep.mulhl32
[       OK ] Sysdep.mulhl32 (0 ms)
[----------] 1 test from Sysdep (0 ms total)

[----------] Global test environment tear-down
[==========] 1 test from 1 test suite ran. (0 ms total)
[  PASSED  ] 1 test.
<end of output>
Test time =   0.00 sec
----------------------------------------------------------
Test Passed.
"Sysdep.mulhl32" end time: Jul 23 15:01 UTC
"Sysdep.mulhl32" time elapsed: 00:00:00
----------------------------------------------------------

29/188 Testing: Fp.AllSizes
29/188 Test: Fp.AllSizes
Command: "/workspaces/longfellow-zk/clang-build-release/algebra/fp_test" "--gtest_filter=Fp.AllSizes" "--gtest_also_run_disabled_tests"
Directory: /workspaces/longfellow-zk/clang-build-release/algebra
"Fp.AllSizes" start time: Jul 23 15:01 UTC
Output:
----------------------------------------------------------
Note: Google Test filter = Fp.AllSizes
[==========] Running 1 test from 1 test suite.
[----------] Global test environment set-up.
[----------] 1 test from Fp
[ RUN      ] Fp.AllSizes
[       OK ] Fp.AllSizes (30 ms)
[----------] 1 test from Fp (30 ms total)

[----------] Global test environment tear-down
[==========] 1 test from 1 test suite ran. (30 ms total)
[  PASSED  ] 1 test.
<end of output>
Test time =   0.09 sec
----------------------------------------------------------
Test Passed.
"Fp.AllSizes" end time: Jul 23 15:01 UTC
"Fp.AllSizes" time elapsed: 00:00:00
----------------------------------------------------------

30/188 Testing: Fp.SmallField
30/188 Test: Fp.SmallField
Command: "/workspaces/longfellow-zk/clang-build-release/algebra/fp_test" "--gtest_filter=Fp.SmallField" "--gtest_also_run_disabled_tests"
Directory: /workspaces/longfellow-zk/clang-build-release/algebra
"Fp.SmallField" start time: Jul 23 15:01 UTC
Output:
----------------------------------------------------------
Note: Google Test filter = Fp.SmallField
[==========] Running 1 test from 1 test suite.
[----------] Global test environment set-up.
[----------] 1 test from Fp
[ RUN      ] Fp.SmallField
[       OK ] Fp.SmallField (0 ms)
[----------] 1 test from Fp (0 ms total)

[----------] Global test environment tear-down
[==========] 1 test from 1 test suite ran. (0 ms total)
[  PASSED  ] 1 test.
<end of output>
Test time =   0.00 sec
----------------------------------------------------------
Test Passed.
"Fp.SmallField" end time: Jul 23 15:01 UTC
"Fp.SmallField" time elapsed: 00:00:00
----------------------------------------------------------

31/188 Testing: Fp.RootOfUnity
31/188 Test: Fp.RootOfUnity
Command: "/workspaces/longfellow-zk/clang-build-release/algebra/fp_test" "--gtest_filter=Fp.RootOfUnity" "--gtest_also_run_disabled_tests"
Directory: /workspaces/longfellow-zk/clang-build-release/algebra
"Fp.RootOfUnity" start time: Jul 23 15:01 UTC
Output:
----------------------------------------------------------
Note: Google Test filter = Fp.RootOfUnity
[==========] Running 1 test from 1 test suite.
[----------] Global test environment set-up.
[----------] 1 test from Fp
[ RUN      ] Fp.RootOfUnity
[       OK ] Fp.RootOfUnity (0 ms)
[----------] 1 test from Fp (0 ms total)

[----------] Global test environment tear-down
[==========] 1 test from 1 test suite ran. (0 ms total)
[  PASSED  ] 1 test.
<end of output>
Test time =   0.00 sec
----------------------------------------------------------
Test Passed.
"Fp.RootOfUnity" end time: Jul 23 15:01 UTC
"Fp.RootOfUnity" time elapsed: 00:00:00
----------------------------------------------------------

32/188 Testing: Fp.InverseSecp256k1
32/188 Test: Fp.InverseSecp256k1
Command: "/workspaces/longfellow-zk/clang-build-release/algebra/fp_test" "--gtest_filter=Fp.InverseSecp256k1" "--gtest_also_run_disabled_tests"
Directory: /workspaces/longfellow-zk/clang-build-release/algebra
"Fp.InverseSecp256k1" start time: Jul 23 15:01 UTC
Output:
----------------------------------------------------------
Note: Google Test filter = Fp.InverseSecp256k1
[==========] Running 1 test from 1 test suite.
[----------] Global test environment set-up.
[----------] 1 test from Fp
[ RUN      ] Fp.InverseSecp256k1
[       OK ] Fp.InverseSecp256k1 (8 ms)
[----------] 1 test from Fp (8 ms total)

[----------] Global test environment tear-down
[==========] 1 test from 1 test suite ran. (8 ms total)
[  PASSED  ] 1 test.
<end of output>
Test time =   0.01 sec
----------------------------------------------------------
Test Passed.
"Fp.InverseSecp256k1" end time: Jul 23 15:01 UTC
"Fp.InverseSecp256k1" time elapsed: 00:00:00
----------------------------------------------------------

33/188 Testing: Fp.castable
33/188 Test: Fp.castable
Command: "/workspaces/longfellow-zk/clang-build-release/algebra/fp_test" "--gtest_filter=Fp.castable" "--gtest_also_run_disabled_tests"
Directory: /workspaces/longfellow-zk/clang-build-release/algebra
"Fp.castable" start time: Jul 23 15:01 UTC
Output:
----------------------------------------------------------
Note: Google Test filter = Fp.castable
[==========] Running 1 test from 1 test suite.
[----------] Global test environment set-up.
[----------] 1 test from Fp
[ RUN      ] Fp.castable
[       OK ] Fp.castable (0 ms)
[----------] 1 test from Fp (0 ms total)

[----------] Global test environment tear-down
[==========] 1 test from 1 test suite ran. (0 ms total)
[  PASSED  ] 1 test.
<end of output>
Test time =   0.00 sec
----------------------------------------------------------
Test Passed.
"Fp.castable" end time: Jul 23 15:01 UTC
"Fp.castable" time elapsed: 00:00:00
----------------------------------------------------------

34/188 Testing: Poly.All
34/188 Test: Poly.All
Command: "/workspaces/longfellow-zk/clang-build-release/algebra/poly_test" "--gtest_filter=Poly.All" "--gtest_also_run_disabled_tests"
Directory: /workspaces/longfellow-zk/clang-build-release/algebra
"Poly.All" start time: Jul 23 15:01 UTC
Output:
----------------------------------------------------------
Note: Google Test filter = Poly.All
[==========] Running 1 test from 1 test suite.
[----------] Global test environment set-up.
[----------] 1 test from Poly
[ RUN      ] Poly.All
[       OK ] Poly.All (8 ms)
[----------] 1 test from Poly (8 ms total)

[----------] Global test environment tear-down
[==========] 1 test from 1 test suite ran. (8 ms total)
[  PASSED  ] 1 test.
<end of output>
Test time =   0.25 sec
----------------------------------------------------------
Test Passed.
"Poly.All" end time: Jul 23 15:01 UTC
"Poly.All" time elapsed: 00:00:00
----------------------------------------------------------

35/188 Testing: Utility.BatchInverse
35/188 Test: Utility.BatchInverse
Command: "/workspaces/longfellow-zk/clang-build-release/algebra/utility_test" "--gtest_filter=Utility.BatchInverse" "--gtest_also_run_disabled_tests"
Directory: /workspaces/longfellow-zk/clang-build-release/algebra
"Utility.BatchInverse" start time: Jul 23 15:01 UTC
Output:
----------------------------------------------------------
Note: Google Test filter = Utility.BatchInverse
[==========] Running 1 test from 1 test suite.
[----------] Global test environment set-up.
[----------] 1 test from Utility
[ RUN      ] Utility.BatchInverse
[       OK ] Utility.BatchInverse (1 ms)
[----------] 1 test from Utility (1 ms total)

[----------] Global test environment tear-down
[==========] 1 test from 1 test suite ran. (1 ms total)
[  PASSED  ] 1 test.
<end of output>
Test time =   0.01 sec
----------------------------------------------------------
Test Passed.
"Utility.BatchInverse" end time: Jul 23 15:01 UTC
"Utility.BatchInverse" time elapsed: 00:00:00
----------------------------------------------------------

36/188 Testing: Utility.Factorial
36/188 Test: Utility.Factorial
Command: "/workspaces/longfellow-zk/clang-build-release/algebra/utility_test" "--gtest_filter=Utility.Factorial" "--gtest_also_run_disabled_tests"
Directory: /workspaces/longfellow-zk/clang-build-release/algebra
"Utility.Factorial" start time: Jul 23 15:01 UTC
Output:
----------------------------------------------------------
Note: Google Test filter = Utility.Factorial
[==========] Running 1 test from 1 test suite.
[----------] Global test environment set-up.
[----------] 1 test from Utility
[ RUN      ] Utility.Factorial
[       OK ] Utility.Factorial (0 ms)
[----------] 1 test from Utility (0 ms total)

[----------] Global test environment tear-down
[==========] 1 test from 1 test suite ran. (0 ms total)
[  PASSED  ] 1 test.
<end of output>
Test time =   0.00 sec
----------------------------------------------------------
Test Passed.
"Utility.Factorial" end time: Jul 23 15:01 UTC
"Utility.Factorial" time elapsed: 00:00:00
----------------------------------------------------------

37/188 Testing: Affine.Bind
37/188 Test: Affine.Bind
Command: "/workspaces/longfellow-zk/clang-build-release/arrays/affine_test" "--gtest_filter=Affine.Bind" "--gtest_also_run_disabled_tests"
Directory: /workspaces/longfellow-zk/clang-build-release/arrays
"Affine.Bind" start time: Jul 23 15:01 UTC
Output:
----------------------------------------------------------
Note: Google Test filter = Affine.Bind
[==========] Running 1 test from 1 test suite.
[----------] Global test environment set-up.
[----------] 1 test from Affine
[ RUN      ] Affine.Bind
[       OK ] Affine.Bind (64 ms)
[----------] 1 test from Affine (64 ms total)

[----------] Global test environment tear-down
[==========] 1 test from 1 test suite ran. (64 ms total)
[  PASSED  ] 1 test.
<end of output>
Test time =   0.07 sec
----------------------------------------------------------
Test Passed.
"Affine.Bind" end time: Jul 23 15:01 UTC
"Affine.Bind" time elapsed: 00:00:00
----------------------------------------------------------

38/188 Testing: Affine.SparseBind
38/188 Test: Affine.SparseBind
Command: "/workspaces/longfellow-zk/clang-build-release/arrays/affine_test" "--gtest_filter=Affine.SparseBind" "--gtest_also_run_disabled_tests"
Directory: /workspaces/longfellow-zk/clang-build-release/arrays
"Affine.SparseBind" start time: Jul 23 15:01 UTC
Output:
----------------------------------------------------------
Note: Google Test filter = Affine.SparseBind
[==========] Running 1 test from 1 test suite.
[----------] Global test environment set-up.
[----------] 1 test from Affine
[ RUN      ] Affine.SparseBind
[       OK ] Affine.SparseBind (121 ms)
[----------] 1 test from Affine (122 ms total)

[----------] Global test environment tear-down
[==========] 1 test from 1 test suite ran. (122 ms total)
[  PASSED  ] 1 test.
<end of output>
Test time =   0.12 sec
----------------------------------------------------------
Test Passed.
"Affine.SparseBind" end time: Jul 23 15:01 UTC
"Affine.SparseBind" time elapsed: 00:00:00
----------------------------------------------------------

39/188 Testing: Affine.Canonicalize
39/188 Test: Affine.Canonicalize
Command: "/workspaces/longfellow-zk/clang-build-release/arrays/affine_test" "--gtest_filter=Affine.Canonicalize" "--gtest_also_run_disabled_tests"
Directory: /workspaces/longfellow-zk/clang-build-release/arrays
"Affine.Canonicalize" start time: Jul 23 15:01 UTC
Output:
----------------------------------------------------------
Note: Google Test filter = Affine.Canonicalize
[==========] Running 1 test from 1 test suite.
[----------] Global test environment set-up.
[----------] 1 test from Affine
[ RUN      ] Affine.Canonicalize
[       OK ] Affine.Canonicalize (83 ms)
[----------] 1 test from Affine (83 ms total)

[----------] Global test environment tear-down
[==========] 1 test from 1 test suite ran. (83 ms total)
[  PASSED  ] 1 test.
<end of output>
Test time =   0.09 sec
----------------------------------------------------------
Test Passed.
"Affine.Canonicalize" end time: Jul 23 15:01 UTC
"Affine.Canonicalize" time elapsed: 00:00:00
----------------------------------------------------------

40/188 Testing: Eqs.All
40/188 Test: Eqs.All
Command: "/workspaces/longfellow-zk/clang-build-release/arrays/eqs_test" "--gtest_filter=Eqs.All" "--gtest_also_run_disabled_tests"
Directory: /workspaces/longfellow-zk/clang-build-release/arrays
"Eqs.All" start time: Jul 23 15:01 UTC
Output:
----------------------------------------------------------
Note: Google Test filter = Eqs.All
[==========] Running 1 test from 1 test suite.
[----------] Global test environment set-up.
[----------] 1 test from Eqs
[ RUN      ] Eqs.All
[       OK ] Eqs.All (4 ms)
[----------] 1 test from Eqs (4 ms total)

[----------] Global test environment tear-down
[==========] 1 test from 1 test suite ran. (4 ms total)
[  PASSED  ] 1 test.
<end of output>
Test time =   0.01 sec
----------------------------------------------------------
Test Passed.
"Eqs.All" end time: Jul 23 15:01 UTC
"Eqs.All" time elapsed: 00:00:00
----------------------------------------------------------

41/188 Testing: Eqs.RFC
41/188 Test: Eqs.RFC
Command: "/workspaces/longfellow-zk/clang-build-release/arrays/eqs_test" "--gtest_filter=Eqs.RFC" "--gtest_also_run_disabled_tests"
Directory: /workspaces/longfellow-zk/clang-build-release/arrays
"Eqs.RFC" start time: Jul 23 15:01 UTC
Output:
----------------------------------------------------------
Note: Google Test filter = Eqs.RFC
[==========] Running 1 test from 1 test suite.
[----------] Global test environment set-up.
[----------] 1 test from Eqs
[ RUN      ] Eqs.RFC
[       OK ] Eqs.RFC (0 ms)
[----------] 1 test from Eqs (0 ms total)

[----------] Global test environment tear-down
[==========] 1 test from 1 test suite ran. (0 ms total)
[  PASSED  ] 1 test.
<end of output>
Test time =   0.00 sec
----------------------------------------------------------
Test Passed.
"Eqs.RFC" end time: Jul 23 15:01 UTC
"Eqs.RFC" time elapsed: 00:00:00
----------------------------------------------------------

42/188 Testing: MerkleTree.BuildTree
42/188 Test: MerkleTree.BuildTree
Command: "/workspaces/longfellow-zk/clang-build-release/merkle/merkle_tree_test" "--gtest_filter=MerkleTree.BuildTree" "--gtest_also_run_disabled_tests"
Directory: /workspaces/longfellow-zk/clang-build-release/merkle
"MerkleTree.BuildTree" start time: Jul 23 15:01 UTC
Output:
----------------------------------------------------------
Note: Google Test filter = MerkleTree.BuildTree
[==========] Running 1 test from 1 test suite.
[----------] Global test environment set-up.
[----------] 1 test from MerkleTree
[ RUN      ] MerkleTree.BuildTree
[       OK ] MerkleTree.BuildTree (0 ms)
[----------] 1 test from MerkleTree (0 ms total)

[----------] Global test environment tear-down
[==========] 1 test from 1 test suite ran. (0 ms total)
[  PASSED  ] 1 test.
<end of output>
Test time =   0.01 sec
----------------------------------------------------------
Test Passed.
"MerkleTree.BuildTree" end time: Jul 23 15:01 UTC
"MerkleTree.BuildTree" time elapsed: 00:00:00
----------------------------------------------------------

43/188 Testing: MerkleTree.GenProof
43/188 Test: MerkleTree.GenProof
Command: "/workspaces/longfellow-zk/clang-build-release/merkle/merkle_tree_test" "--gtest_filter=MerkleTree.GenProof" "--gtest_also_run_disabled_tests"
Directory: /workspaces/longfellow-zk/clang-build-release/merkle
"MerkleTree.GenProof" start time: Jul 23 15:01 UTC
Output:
----------------------------------------------------------
Note: Google Test filter = MerkleTree.GenProof
[==========] Running 1 test from 1 test suite.
[----------] Global test environment set-up.
[----------] 1 test from MerkleTree
[ RUN      ] MerkleTree.GenProof
[       OK ] MerkleTree.GenProof (0 ms)
[----------] 1 test from MerkleTree (0 ms total)

[----------] Global test environment tear-down
[==========] 1 test from 1 test suite ran. (0 ms total)
[  PASSED  ] 1 test.
<end of output>
Test time =   0.00 sec
----------------------------------------------------------
Test Passed.
"MerkleTree.GenProof" end time: Jul 23 15:01 UTC
"MerkleTree.GenProof" time elapsed: 00:00:00
----------------------------------------------------------

44/188 Testing: MerkleTree.VerifyProof
44/188 Test: MerkleTree.VerifyProof
Command: "/workspaces/longfellow-zk/clang-build-release/merkle/merkle_tree_test" "--gtest_filter=MerkleTree.VerifyProof" "--gtest_also_run_disabled_tests"
Directory: /workspaces/longfellow-zk/clang-build-release/merkle
"MerkleTree.VerifyProof" start time: Jul 23 15:01 UTC
Output:
----------------------------------------------------------
Note: Google Test filter = MerkleTree.VerifyProof
[==========] Running 1 test from 1 test suite.
[----------] Global test environment set-up.
[----------] 1 test from MerkleTree
[ RUN      ] MerkleTree.VerifyProof
[       OK ] MerkleTree.VerifyProof (31 ms)
[----------] 1 test from MerkleTree (31 ms total)

[----------] Global test environment tear-down
[==========] 1 test from 1 test suite ran. (31 ms total)
[  PASSED  ] 1 test.
<end of output>
Test time =   0.04 sec
----------------------------------------------------------
Test Passed.
"MerkleTree.VerifyProof" end time: Jul 23 15:01 UTC
"MerkleTree.VerifyProof" time elapsed: 00:00:00
----------------------------------------------------------

45/188 Testing: MerkleTree.VerifyCompressedProof
45/188 Test: MerkleTree.VerifyCompressedProof
Command: "/workspaces/longfellow-zk/clang-build-release/merkle/merkle_tree_test" "--gtest_filter=MerkleTree.VerifyCompressedProof" "--gtest_also_run_disabled_tests"
Directory: /workspaces/longfellow-zk/clang-build-release/merkle
"MerkleTree.VerifyCompressedProof" start time: Jul 23 15:01 UTC
Output:
----------------------------------------------------------
Note: Google Test filter = MerkleTree.VerifyCompressedProof
[==========] Running 1 test from 1 test suite.
[----------] Global test environment set-up.
[----------] 1 test from MerkleTree
[ RUN      ] MerkleTree.VerifyCompressedProof
[       OK ] MerkleTree.VerifyCompressedProof (24 ms)
[----------] 1 test from MerkleTree (24 ms total)

[----------] Global test environment tear-down
[==========] 1 test from 1 test suite ran. (24 ms total)
[  PASSED  ] 1 test.
<end of output>
Test time =   0.03 sec
----------------------------------------------------------
Test Passed.
"MerkleTree.VerifyCompressedProof" end time: Jul 23 15:01 UTC
"MerkleTree.VerifyCompressedProof" time elapsed: 00:00:00
----------------------------------------------------------

46/188 Testing: MerkleTree.VerifyCompressedProofFailure
46/188 Test: MerkleTree.VerifyCompressedProofFailure
Command: "/workspaces/longfellow-zk/clang-build-release/merkle/merkle_tree_test" "--gtest_filter=MerkleTree.VerifyCompressedProofFailure" "--gtest_also_run_disabled_tests"
Directory: /workspaces/longfellow-zk/clang-build-release/merkle
"MerkleTree.VerifyCompressedProofFailure" start time: Jul 23 15:01 UTC
Output:
----------------------------------------------------------
Note: Google Test filter = MerkleTree.VerifyCompressedProofFailure
[==========] Running 1 test from 1 test suite.
[----------] Global test environment set-up.
[----------] 1 test from MerkleTree
[ RUN      ] MerkleTree.VerifyCompressedProofFailure
[       OK ] MerkleTree.VerifyCompressedProofFailure (296 ms)
[----------] 1 test from MerkleTree (296 ms total)

[----------] Global test environment tear-down
[==========] 1 test from 1 test suite ran. (296 ms total)
[  PASSED  ] 1 test.
<end of output>
Test time =   0.30 sec
----------------------------------------------------------
Test Passed.
"MerkleTree.VerifyCompressedProofFailure" end time: Jul 23 15:01 UTC
"MerkleTree.VerifyCompressedProofFailure" time elapsed: 00:00:00
----------------------------------------------------------

47/188 Testing: MerkleTree.ZeroLengthProof
47/188 Test: MerkleTree.ZeroLengthProof
Command: "/workspaces/longfellow-zk/clang-build-release/merkle/merkle_tree_test" "--gtest_filter=MerkleTree.ZeroLengthProof" "--gtest_also_run_disabled_tests"
Directory: /workspaces/longfellow-zk/clang-build-release/merkle
"MerkleTree.ZeroLengthProof" start time: Jul 23 15:01 UTC
Output:
----------------------------------------------------------
Note: Google Test filter = MerkleTree.ZeroLengthProof
[==========] Running 1 test from 1 test suite.
[----------] Global test environment set-up.
[----------] 1 test from MerkleTree
[ RUN      ] MerkleTree.ZeroLengthProof
[       OK ] MerkleTree.ZeroLengthProof (0 ms)
[----------] 1 test from MerkleTree (0 ms total)

[----------] Global test environment tear-down
[==========] 1 test from 1 test suite ran. (0 ms total)
[  PASSED  ] 1 test.
<end of output>
Test time =   0.00 sec
----------------------------------------------------------
Test Passed.
"MerkleTree.ZeroLengthProof" end time: Jul 23 15:01 UTC
"MerkleTree.ZeroLengthProof" time elapsed: 00:00:00
----------------------------------------------------------

48/188 Testing: MerkleTree.BatchVerifyProofTooShort
48/188 Test: MerkleTree.BatchVerifyProofTooShort
Command: "/workspaces/longfellow-zk/clang-build-release/merkle/merkle_tree_test" "--gtest_filter=MerkleTree.BatchVerifyProofTooShort" "--gtest_also_run_disabled_tests"
Directory: /workspaces/longfellow-zk/clang-build-release/merkle
"MerkleTree.BatchVerifyProofTooShort" start time: Jul 23 15:01 UTC
Output:
----------------------------------------------------------
Note: Google Test filter = MerkleTree.BatchVerifyProofTooShort
[==========] Running 1 test from 1 test suite.
[----------] Global test environment set-up.
[----------] 1 test from MerkleTree
[ RUN      ] MerkleTree.BatchVerifyProofTooShort
[       OK ] MerkleTree.BatchVerifyProofTooShort (0 ms)
[----------] 1 test from MerkleTree (0 ms total)

[----------] Global test environment tear-down
[==========] 1 test from 1 test suite ran. (0 ms total)
[  PASSED  ] 1 test.
<end of output>
Test time =   0.00 sec
----------------------------------------------------------
Test Passed.
"MerkleTree.BatchVerifyProofTooShort" end time: Jul 23 15:01 UTC
"MerkleTree.BatchVerifyProofTooShort" time elapsed: 00:00:00
----------------------------------------------------------

49/188 Testing: MerkleTree.TestVectors
49/188 Test: MerkleTree.TestVectors
Command: "/workspaces/longfellow-zk/clang-build-release/merkle/merkle_tree_test" "--gtest_filter=MerkleTree.TestVectors" "--gtest_also_run_disabled_tests"
Directory: /workspaces/longfellow-zk/clang-build-release/merkle
"MerkleTree.TestVectors" start time: Jul 23 15:01 UTC
Output:
----------------------------------------------------------
Note: Google Test filter = MerkleTree.TestVectors
[==========] Running 1 test from 1 test suite.
[----------] Global test environment set-up.
[----------] 1 test from MerkleTree
[ RUN      ] MerkleTree.TestVectors
f22f4501ffd3bdffcecc9e4cd6828a4479aeedd6aa484eb7c1f808ccf71c6e76
len = 2
084fed08b978af4d7d196a7446a86b58009e636b611db16211b65a9aadff29c5
f03808f5b8088c61286d505e8e93aa378991d9889ae2d874433ca06acabcd493
len = 3
e77b9a9ae9e30b0dbdb6f510a264ef9de781501d7b6b92ae89eb059c5ab743db
084fed08b978af4d7d196a7446a86b58009e636b611db16211b65a9aadff29c5
4bf5122f344554c53bde2ebb8cd2b7e3d1600ad631c385a5d7cce23c7785459a
[       OK ] MerkleTree.TestVectors (0 ms)
[----------] 1 test from MerkleTree (0 ms total)

[----------] Global test environment tear-down
[==========] 1 test from 1 test suite ran. (0 ms total)
[  PASSED  ] 1 test.
<end of output>
Test time =   0.00 sec
----------------------------------------------------------
Test Passed.
"MerkleTree.TestVectors" end time: Jul 23 15:01 UTC
"MerkleTree.TestVectors" time elapsed: 00:00:00
----------------------------------------------------------

50/188 Testing: circuit_io.ecdsa
50/188 Test: circuit_io.ecdsa
Command: "/workspaces/longfellow-zk/clang-build-release/proto/circuit_test" "--gtest_filter=circuit_io.ecdsa" "--gtest_also_run_disabled_tests"
Directory: /workspaces/longfellow-zk/clang-build-release/proto
"circuit_io.ecdsa" start time: Jul 23 15:01 UTC
Output:
----------------------------------------------------------
Note: Google Test filter = circuit_io.ecdsa
[==========] Running 1 test from 1 test suite.
[----------] Global test environment set-up.
[----------] 1 test from circuit_io
[ RUN      ] circuit_io.ecdsa
[INFO][+   81.592 ms] Compiled circuit: ecdsa[1]
[INFO][+    0.018 ms]  depth: 12 wires: 23453 in: 1038 out:2 use:16208 ovh:7245 t:47598 cse:11351 notn:35146
[INFO][+    1.594 ms] Serializing2
[INFO][+    4.381 ms] size: 623172
[INFO][+    0.008 ms] Deserializing2
[INFO][+    0.650 ms] Parsed from bytes
[       OK ] circuit_io.ecdsa (89 ms)
[----------] 1 test from circuit_io (89 ms total)

[----------] Global test environment tear-down
[==========] 1 test from 1 test suite ran. (89 ms total)
[  PASSED  ] 1 test.
<end of output>
Test time =   0.31 sec
----------------------------------------------------------
Test Passed.
"circuit_io.ecdsa" end time: Jul 23 15:01 UTC
"circuit_io.ecdsa" time elapsed: 00:00:00
----------------------------------------------------------

51/188 Testing: circuit_io.SHA
51/188 Test: circuit_io.SHA
Command: "/workspaces/longfellow-zk/clang-build-release/proto/circuit_test" "--gtest_filter=circuit_io.SHA" "--gtest_also_run_disabled_tests"
Directory: /workspaces/longfellow-zk/clang-build-release/proto
"circuit_io.SHA" start time: Jul 23 15:01 UTC
Output:
----------------------------------------------------------
Note: Google Test filter = circuit_io.SHA
[==========] Running 1 test from 1 test suite.
[----------] Global test environment set-up.
[----------] 1 test from circuit_io
[ RUN      ] circuit_io.SHA
[INFO][+ 4033.956 ms] Compiled circuit: assert_message[15]
[INFO][+    0.019 ms]  depth: 8 wires: 831286 in: 96009 out:1918 use:725908 ovh:105378 t:2930290 cse:287376 notn:2017608
[INFO][+  137.414 ms] Serializing2
[INFO][+  172.000 ms] size: 35166640
[INFO][+    0.017 ms] Deserializing2
[INFO][+   46.356 ms] Parsed from bytes
[       OK ] circuit_io.SHA (4504 ms)
[----------] 1 test from circuit_io (4504 ms total)

[----------] Global test environment tear-down
[==========] 1 test from 1 test suite ran. (4504 ms total)
[  PASSED  ] 1 test.
<end of output>
Test time =   4.52 sec
----------------------------------------------------------
Test Passed.
"circuit_io.SHA" end time: Jul 23 15:01 UTC
"circuit_io.SHA" time elapsed: 00:00:04
----------------------------------------------------------

52/188 Testing: Transcript.Write
52/188 Test: Transcript.Write
Command: "/workspaces/longfellow-zk/clang-build-release/random/transcript_test" "--gtest_filter=Transcript.Write" "--gtest_also_run_disabled_tests"
Directory: /workspaces/longfellow-zk/clang-build-release/random
"Transcript.Write" start time: Jul 23 15:01 UTC
Output:
----------------------------------------------------------
Note: Google Test filter = Transcript.Write
[==========] Running 1 test from 1 test suite.
[----------] Global test environment set-up.
[----------] 1 test from Transcript
[ RUN      ] Transcript.Write
[       OK ] Transcript.Write (24 ms)
[----------] 1 test from Transcript (24 ms total)

[----------] Global test environment tear-down
[==========] 1 test from 1 test suite ran. (24 ms total)
[  PASSED  ] 1 test.
<end of output>
Test time =   0.03 sec
----------------------------------------------------------
Test Passed.
"Transcript.Write" end time: Jul 23 15:01 UTC
"Transcript.Write" time elapsed: 00:00:00
----------------------------------------------------------

53/188 Testing: Transcript.TwoBlocks
53/188 Test: Transcript.TwoBlocks
Command: "/workspaces/longfellow-zk/clang-build-release/random/transcript_test" "--gtest_filter=Transcript.TwoBlocks" "--gtest_also_run_disabled_tests"
Directory: /workspaces/longfellow-zk/clang-build-release/random
"Transcript.TwoBlocks" start time: Jul 23 15:01 UTC
Output:
----------------------------------------------------------
Note: Google Test filter = Transcript.TwoBlocks
[==========] Running 1 test from 1 test suite.
[----------] Global test environment set-up.
[----------] 1 test from Transcript
[ RUN      ] Transcript.TwoBlocks
[       OK ] Transcript.TwoBlocks (1 ms)
[----------] 1 test from Transcript (1 ms total)

[----------] Global test environment tear-down
[==========] 1 test from 1 test suite ran. (1 ms total)
[  PASSED  ] 1 test.
<end of output>
Test time =   0.00 sec
----------------------------------------------------------
Test Passed.
"Transcript.TwoBlocks" end time: Jul 23 15:01 UTC
"Transcript.TwoBlocks" time elapsed: 00:00:00
----------------------------------------------------------

54/188 Testing: Transcript.Associative
54/188 Test: Transcript.Associative
Command: "/workspaces/longfellow-zk/clang-build-release/random/transcript_test" "--gtest_filter=Transcript.Associative" "--gtest_also_run_disabled_tests"
Directory: /workspaces/longfellow-zk/clang-build-release/random
"Transcript.Associative" start time: Jul 23 15:01 UTC
Output:
----------------------------------------------------------
Note: Google Test filter = Transcript.Associative
[==========] Running 1 test from 1 test suite.
[----------] Global test environment set-up.
[----------] 1 test from Transcript
[ RUN      ] Transcript.Associative
[       OK ] Transcript.Associative (2 ms)
[----------] 1 test from Transcript (2 ms total)

[----------] Global test environment tear-down
[==========] 1 test from 1 test suite ran. (2 ms total)
[  PASSED  ] 1 test.
<end of output>
Test time =   0.01 sec
----------------------------------------------------------
Test Passed.
"Transcript.Associative" end time: Jul 23 15:01 UTC
"Transcript.Associative" time elapsed: 00:00:00
----------------------------------------------------------

55/188 Testing: Transcript.GenArrayChallenge
55/188 Test: Transcript.GenArrayChallenge
Command: "/workspaces/longfellow-zk/clang-build-release/random/transcript_test" "--gtest_filter=Transcript.GenArrayChallenge" "--gtest_also_run_disabled_tests"
Directory: /workspaces/longfellow-zk/clang-build-release/random
"Transcript.GenArrayChallenge" start time: Jul 23 15:01 UTC
Output:
----------------------------------------------------------
Note: Google Test filter = Transcript.GenArrayChallenge
[==========] Running 1 test from 1 test suite.
[----------] Global test environment set-up.
[----------] 1 test from Transcript
[ RUN      ] Transcript.GenArrayChallenge
[       OK ] Transcript.GenArrayChallenge (1 ms)
[----------] 1 test from Transcript (1 ms total)

[----------] Global test environment tear-down
[==========] 1 test from 1 test suite ran. (1 ms total)
[  PASSED  ] 1 test.
<end of output>
Test time =   0.00 sec
----------------------------------------------------------
Test Passed.
"Transcript.GenArrayChallenge" end time: Jul 23 15:01 UTC
"Transcript.GenArrayChallenge" time elapsed: 00:00:00
----------------------------------------------------------

56/188 Testing: Transcript.TestVec
56/188 Test: Transcript.TestVec
Command: "/workspaces/longfellow-zk/clang-build-release/random/transcript_test" "--gtest_filter=Transcript.TestVec" "--gtest_also_run_disabled_tests"
Directory: /workspaces/longfellow-zk/clang-build-release/random
"Transcript.TestVec" start time: Jul 23 15:01 UTC
Output:
----------------------------------------------------------
Note: Google Test filter = Transcript.TestVec
[==========] Running 1 test from 1 test suite.
[----------] Global test environment set-up.
[----------] 1 test from Transcript
[ RUN      ] Transcript.TestVec
[       OK ] Transcript.TestVec (1 ms)
[----------] 1 test from Transcript (1 ms total)

[----------] Global test environment tear-down
[==========] 1 test from 1 test suite ran. (1 ms total)
[  PASSED  ] 1 test.
<end of output>
Test time =   0.00 sec
----------------------------------------------------------
Test Passed.
"Transcript.TestVec" end time: Jul 23 15:01 UTC
"Transcript.TestVec" time elapsed: 00:00:00
----------------------------------------------------------

57/188 Testing: Random.FSPRF
57/188 Test: Random.FSPRF
Command: "/workspaces/longfellow-zk/clang-build-release/random/random_test" "--gtest_filter=Random.FSPRF" "--gtest_also_run_disabled_tests"
Directory: /workspaces/longfellow-zk/clang-build-release/random
"Random.FSPRF" start time: Jul 23 15:01 UTC
Output:
----------------------------------------------------------
Note: Google Test filter = Random.FSPRF
[==========] Running 1 test from 1 test suite.
[----------] Global test environment set-up.
[----------] 1 test from Random
[ RUN      ] Random.FSPRF
[       OK ] Random.FSPRF (2 ms)
[----------] 1 test from Random (2 ms total)

[----------] Global test environment tear-down
[==========] 1 test from 1 test suite ran. (2 ms total)
[  PASSED  ] 1 test.
<end of output>
Test time =   0.01 sec
----------------------------------------------------------
Test Passed.
"Random.FSPRF" end time: Jul 23 15:01 UTC
"Random.FSPRF" time elapsed: 00:00:00
----------------------------------------------------------

58/188 Testing: Random.SecureRandomEngine
58/188 Test: Random.SecureRandomEngine
Command: "/workspaces/longfellow-zk/clang-build-release/random/random_test" "--gtest_filter=Random.SecureRandomEngine" "--gtest_also_run_disabled_tests"
Directory: /workspaces/longfellow-zk/clang-build-release/random
"Random.SecureRandomEngine" start time: Jul 23 15:01 UTC
Output:
----------------------------------------------------------
Note: Google Test filter = Random.SecureRandomEngine
[==========] Running 1 test from 1 test suite.
[----------] Global test environment set-up.
[----------] 1 test from Random
[ RUN      ] Random.SecureRandomEngine
[       OK ] Random.SecureRandomEngine (17 ms)
[----------] 1 test from Random (17 ms total)

[----------] Global test environment tear-down
[==========] 1 test from 1 test suite ran. (17 ms total)
[  PASSED  ] 1 test.
<end of output>
Test time =   0.02 sec
----------------------------------------------------------
Test Passed.
"Random.SecureRandomEngine" end time: Jul 23 15:01 UTC
"Random.SecureRandomEngine" time elapsed: 00:00:00
----------------------------------------------------------

59/188 Testing: Quad.BindG
59/188 Test: Quad.BindG
Command: "/workspaces/longfellow-zk/clang-build-release/sumcheck/quad_test" "--gtest_filter=Quad.BindG" "--gtest_also_run_disabled_tests"
Directory: /workspaces/longfellow-zk/clang-build-release/sumcheck
"Quad.BindG" start time: Jul 23 15:01 UTC
Output:
----------------------------------------------------------
Note: Google Test filter = Quad.BindG
[==========] Running 1 test from 1 test suite.
[----------] Global test environment set-up.
[----------] 1 test from Quad
[ RUN      ] Quad.BindG
[       OK ] Quad.BindG (11 ms)
[----------] 1 test from Quad (11 ms total)

[----------] Global test environment tear-down
[==========] 1 test from 1 test suite ran. (11 ms total)
[  PASSED  ] 1 test.
<end of output>
Test time =   0.02 sec
----------------------------------------------------------
Test Passed.
"Quad.BindG" end time: Jul 23 15:01 UTC
"Quad.BindG" time elapsed: 00:00:00
----------------------------------------------------------

60/188 Testing: Quad.BindH
60/188 Test: Quad.BindH
Command: "/workspaces/longfellow-zk/clang-build-release/sumcheck/quad_test" "--gtest_filter=Quad.BindH" "--gtest_also_run_disabled_tests"
Directory: /workspaces/longfellow-zk/clang-build-release/sumcheck
"Quad.BindH" start time: Jul 23 15:01 UTC
Output:
----------------------------------------------------------
Note: Google Test filter = Quad.BindH
[==========] Running 1 test from 1 test suite.
[----------] Global test environment set-up.
[----------] 1 test from Quad
[ RUN      ] Quad.BindH
[       OK ] Quad.BindH (134 ms)
[----------] 1 test from Quad (134 ms total)

[----------] Global test environment tear-down
[==========] 1 test from 1 test suite ran. (134 ms total)
[  PASSED  ] 1 test.
<end of output>
Test time =   0.14 sec
----------------------------------------------------------
Test Passed.
"Quad.BindH" end time: Jul 23 15:01 UTC
"Quad.BindH" time elapsed: 00:00:00
----------------------------------------------------------

61/188 Testing: Quad.equality
61/188 Test: Quad.equality
Command: "/workspaces/longfellow-zk/clang-build-release/sumcheck/quad_test" "--gtest_filter=Quad.equality" "--gtest_also_run_disabled_tests"
Directory: /workspaces/longfellow-zk/clang-build-release/sumcheck
"Quad.equality" start time: Jul 23 15:01 UTC
Output:
----------------------------------------------------------
Note: Google Test filter = Quad.equality
[==========] Running 1 test from 1 test suite.
[----------] Global test environment set-up.
[----------] 1 test from Quad
[ RUN      ] Quad.equality
[       OK ] Quad.equality (0 ms)
[----------] 1 test from Quad (0 ms total)

[----------] Global test environment tear-down
[==========] 1 test from 1 test suite ran. (0 ms total)
[  PASSED  ] 1 test.
<end of output>
Test time =   0.00 sec
----------------------------------------------------------
Test Passed.
"Quad.equality" end time: Jul 23 15:01 UTC
"Quad.equality" time elapsed: 00:00:00
----------------------------------------------------------

62/188 Testing: Sumcheck.EvalCircuit
62/188 Test: Sumcheck.EvalCircuit
Command: "/workspaces/longfellow-zk/clang-build-release/sumcheck/sumcheck_test" "--gtest_filter=Sumcheck.EvalCircuit" "--gtest_also_run_disabled_tests"
Directory: /workspaces/longfellow-zk/clang-build-release/sumcheck
"Sumcheck.EvalCircuit" start time: Jul 23 15:01 UTC
Output:
----------------------------------------------------------
Note: Google Test filter = Sumcheck.EvalCircuit
[==========] Running 1 test from 1 test suite.
[----------] Global test environment set-up.
[----------] 1 test from Sumcheck
[ RUN      ] Sumcheck.EvalCircuit
[       OK ] Sumcheck.EvalCircuit (0 ms)
[----------] 1 test from Sumcheck (0 ms total)

[----------] Global test environment tear-down
[==========] 1 test from 1 test suite ran. (0 ms total)
[  PASSED  ] 1 test.
<end of output>
Test time =   0.19 sec
----------------------------------------------------------
Test Passed.
"Sumcheck.EvalCircuit" end time: Jul 23 15:01 UTC
"Sumcheck.EvalCircuit" time elapsed: 00:00:00
----------------------------------------------------------

63/188 Testing: Sumcheck.SumcheckAddE
63/188 Test: Sumcheck.SumcheckAddE
Command: "/workspaces/longfellow-zk/clang-build-release/sumcheck/sumcheck_test" "--gtest_filter=Sumcheck.SumcheckAddE" "--gtest_also_run_disabled_tests"
Directory: /workspaces/longfellow-zk/clang-build-release/sumcheck
"Sumcheck.SumcheckAddE" start time: Jul 23 15:01 UTC
Output:
----------------------------------------------------------
Note: Google Test filter = Sumcheck.SumcheckAddE
[==========] Running 1 test from 1 test suite.
[----------] Global test environment set-up.
[----------] 1 test from Sumcheck
[ RUN      ] Sumcheck.SumcheckAddE
[       OK ] Sumcheck.SumcheckAddE (2 ms)
[----------] 1 test from Sumcheck (2 ms total)

[----------] Global test environment tear-down
[==========] 1 test from 1 test suite ran. (2 ms total)
[  PASSED  ] 1 test.
<end of output>
Test time =   0.01 sec
----------------------------------------------------------
Test Passed.
"Sumcheck.SumcheckAddE" end time: Jul 23 15:01 UTC
"Sumcheck.SumcheckAddE" time elapsed: 00:00:00
----------------------------------------------------------

64/188 Testing: Sumcheck.SumcheckAddEOneCopy
64/188 Test: Sumcheck.SumcheckAddEOneCopy
Command: "/workspaces/longfellow-zk/clang-build-release/sumcheck/sumcheck_test" "--gtest_filter=Sumcheck.SumcheckAddEOneCopy" "--gtest_also_run_disabled_tests"
Directory: /workspaces/longfellow-zk/clang-build-release/sumcheck
"Sumcheck.SumcheckAddEOneCopy" start time: Jul 23 15:01 UTC
Output:
----------------------------------------------------------
Note: Google Test filter = Sumcheck.SumcheckAddEOneCopy
[==========] Running 1 test from 1 test suite.
[----------] Global test environment set-up.
[----------] 1 test from Sumcheck
[ RUN      ] Sumcheck.SumcheckAddEOneCopy
[       OK ] Sumcheck.SumcheckAddEOneCopy (2 ms)
[----------] 1 test from Sumcheck (2 ms total)

[----------] Global test environment tear-down
[==========] 1 test from 1 test suite ran. (2 ms total)
[  PASSED  ] 1 test.
<end of output>
Test time =   0.01 sec
----------------------------------------------------------
Test Passed.
"Sumcheck.SumcheckAddEOneCopy" end time: Jul 23 15:01 UTC
"Sumcheck.SumcheckAddEOneCopy" time elapsed: 00:00:00
----------------------------------------------------------

65/188 Testing: Sumcheck.RandomCircuit
65/188 Test: Sumcheck.RandomCircuit
Command: "/workspaces/longfellow-zk/clang-build-release/sumcheck/sumcheck_test" "--gtest_filter=Sumcheck.RandomCircuit" "--gtest_also_run_disabled_tests"
Directory: /workspaces/longfellow-zk/clang-build-release/sumcheck
"Sumcheck.RandomCircuit" start time: Jul 23 15:01 UTC
Output:
----------------------------------------------------------
Note: Google Test filter = Sumcheck.RandomCircuit
[==========] Running 1 test from 1 test suite.
[----------] Global test environment set-up.
[----------] 1 test from Sumcheck
[ RUN      ] Sumcheck.RandomCircuit
[       OK ] Sumcheck.RandomCircuit (123 ms)
[----------] 1 test from Sumcheck (123 ms total)

[----------] Global test environment tear-down
[==========] 1 test from 1 test suite ran. (123 ms total)
[  PASSED  ] 1 test.
<end of output>
Test time =   0.13 sec
----------------------------------------------------------
Test Passed.
"Sumcheck.RandomCircuit" end time: Jul 23 15:01 UTC
"Sumcheck.RandomCircuit" time elapsed: 00:00:00
----------------------------------------------------------

66/188 Testing: GF2_128.Constants
66/188 Test: GF2_128.Constants
Command: "/workspaces/longfellow-zk/clang-build-release/gf2k/gf2_128_test" "--gtest_filter=GF2_128.Constants" "--gtest_also_run_disabled_tests"
Directory: /workspaces/longfellow-zk/clang-build-release/gf2k
"GF2_128.Constants" start time: Jul 23 15:01 UTC
Output:
----------------------------------------------------------
Note: Google Test filter = GF2_128.Constants
[==========] Running 1 test from 1 test suite.
[----------] Global test environment set-up.
[----------] 1 test from GF2_128
[ RUN      ] GF2_128.Constants
[       OK ] GF2_128.Constants (0 ms)
[----------] 1 test from GF2_128 (0 ms total)

[----------] Global test environment tear-down
[==========] 1 test from 1 test suite ran. (0 ms total)
[  PASSED  ] 1 test.
<end of output>
Test time =   0.08 sec
----------------------------------------------------------
Test Passed.
"GF2_128.Constants" end time: Jul 23 15:01 UTC
"GF2_128.Constants" time elapsed: 00:00:00
----------------------------------------------------------

67/188 Testing: GF2_128.Invert0
67/188 Test: GF2_128.Invert0
Command: "/workspaces/longfellow-zk/clang-build-release/gf2k/gf2_128_test" "--gtest_filter=GF2_128.Invert0" "--gtest_also_run_disabled_tests"
Directory: /workspaces/longfellow-zk/clang-build-release/gf2k
"GF2_128.Invert0" start time: Jul 23 15:01 UTC
Output:
----------------------------------------------------------
Note: Google Test filter = GF2_128.Invert0
[==========] Running 1 test from 1 test suite.
[----------] Global test environment set-up.
[----------] 1 test from GF2_128
[ RUN      ] GF2_128.Invert0
[       OK ] GF2_128.Invert0 (2 ms)
[----------] 1 test from GF2_128 (2 ms total)

[----------] Global test environment tear-down
[==========] 1 test from 1 test suite ran. (2 ms total)
[  PASSED  ] 1 test.
<end of output>
Test time =   0.01 sec
----------------------------------------------------------
Test Passed.
"GF2_128.Invert0" end time: Jul 23 15:01 UTC
"GF2_128.Invert0" time elapsed: 00:00:00
----------------------------------------------------------

68/188 Testing: GF2_128.Invert1
68/188 Test: GF2_128.Invert1
Command: "/workspaces/longfellow-zk/clang-build-release/gf2k/gf2_128_test" "--gtest_filter=GF2_128.Invert1" "--gtest_also_run_disabled_tests"
Directory: /workspaces/longfellow-zk/clang-build-release/gf2k
"GF2_128.Invert1" start time: Jul 23 15:01 UTC
Output:
----------------------------------------------------------
Note: Google Test filter = GF2_128.Invert1
[==========] Running 1 test from 1 test suite.
[----------] Global test environment set-up.
[----------] 1 test from GF2_128
[ RUN      ] GF2_128.Invert1
[       OK ] GF2_128.Invert1 (0 ms)
[----------] 1 test from GF2_128 (0 ms total)

[----------] Global test environment tear-down
[==========] 1 test from 1 test suite ran. (0 ms total)
[  PASSED  ] 1 test.
<end of output>
Test time =   0.01 sec
----------------------------------------------------------
Test Passed.
"GF2_128.Invert1" end time: Jul 23 15:01 UTC
"GF2_128.Invert1" time elapsed: 00:00:00
----------------------------------------------------------

69/188 Testing: GF2_128.Cmp
69/188 Test: GF2_128.Cmp
Command: "/workspaces/longfellow-zk/clang-build-release/gf2k/gf2_128_test" "--gtest_filter=GF2_128.Cmp" "--gtest_also_run_disabled_tests"
Directory: /workspaces/longfellow-zk/clang-build-release/gf2k
"GF2_128.Cmp" start time: Jul 23 15:01 UTC
Output:
----------------------------------------------------------
Note: Google Test filter = GF2_128.Cmp
[==========] Running 1 test from 1 test suite.
[----------] Global test environment set-up.
[----------] 1 test from GF2_128
[ RUN      ] GF2_128.Cmp
[       OK ] GF2_128.Cmp (0 ms)
[----------] 1 test from GF2_128 (0 ms total)

[----------] Global test environment tear-down
[==========] 1 test from 1 test suite ran. (0 ms total)
[  PASSED  ] 1 test.
<end of output>
Test time =   0.00 sec
----------------------------------------------------------
Test Passed.
"GF2_128.Cmp" end time: Jul 23 15:01 UTC
"GF2_128.Cmp" time elapsed: 00:00:00
----------------------------------------------------------

70/188 Testing: GF2_128.Mul
70/188 Test: GF2_128.Mul
Command: "/workspaces/longfellow-zk/clang-build-release/gf2k/gf2_128_test" "--gtest_filter=GF2_128.Mul" "--gtest_also_run_disabled_tests"
Directory: /workspaces/longfellow-zk/clang-build-release/gf2k
"GF2_128.Mul" start time: Jul 23 15:01 UTC
Output:
----------------------------------------------------------
Note: Google Test filter = GF2_128.Mul
[==========] Running 1 test from 1 test suite.
[----------] Global test environment set-up.
[----------] 1 test from GF2_128
[ RUN      ] GF2_128.Mul
[       OK ] GF2_128.Mul (4 ms)
[----------] 1 test from GF2_128 (4 ms total)

[----------] Global test environment tear-down
[==========] 1 test from 1 test suite ran. (4 ms total)
[  PASSED  ] 1 test.
<end of output>
Test time =   0.01 sec
----------------------------------------------------------
Test Passed.
"GF2_128.Mul" end time: Jul 23 15:01 UTC
"GF2_128.Mul" time elapsed: 00:00:00
----------------------------------------------------------

71/188 Testing: GF2_128.PolyEvaluationPoint
71/188 Test: GF2_128.PolyEvaluationPoint
Command: "/workspaces/longfellow-zk/clang-build-release/gf2k/gf2_128_test" "--gtest_filter=GF2_128.PolyEvaluationPoint" "--gtest_also_run_disabled_tests"
Directory: /workspaces/longfellow-zk/clang-build-release/gf2k
"GF2_128.PolyEvaluationPoint" start time: Jul 23 15:01 UTC
Output:
----------------------------------------------------------
Note: Google Test filter = GF2_128.PolyEvaluationPoint
[==========] Running 1 test from 1 test suite.
[----------] Global test environment set-up.
[----------] 1 test from GF2_128
[ RUN      ] GF2_128.PolyEvaluationPoint
[       OK ] GF2_128.PolyEvaluationPoint (0 ms)
[----------] 1 test from GF2_128 (0 ms total)

[----------] Global test environment tear-down
[==========] 1 test from 1 test suite ran. (0 ms total)
[  PASSED  ] 1 test.
<end of output>
Test time =   0.00 sec
----------------------------------------------------------
Test Passed.
"GF2_128.PolyEvaluationPoint" end time: Jul 23 15:01 UTC
"GF2_128.PolyEvaluationPoint" time elapsed: 00:00:00
----------------------------------------------------------

72/188 Testing: GF2_128.EvalLagrange
72/188 Test: GF2_128.EvalLagrange
Command: "/workspaces/longfellow-zk/clang-build-release/gf2k/gf2_128_test" "--gtest_filter=GF2_128.EvalLagrange" "--gtest_also_run_disabled_tests"
Directory: /workspaces/longfellow-zk/clang-build-release/gf2k
"GF2_128.EvalLagrange" start time: Jul 23 15:01 UTC
Output:
----------------------------------------------------------
Note: Google Test filter = GF2_128.EvalLagrange
[==========] Running 1 test from 1 test suite.
[----------] Global test environment set-up.
[----------] 1 test from GF2_128
[ RUN      ] GF2_128.EvalLagrange
[       OK ] GF2_128.EvalLagrange (0 ms)
[----------] 1 test from GF2_128 (0 ms total)

[----------] Global test environment tear-down
[==========] 1 test from 1 test suite ran. (0 ms total)
[  PASSED  ] 1 test.
<end of output>
Test time =   0.00 sec
----------------------------------------------------------
Test Passed.
"GF2_128.EvalLagrange" end time: Jul 23 15:01 UTC
"GF2_128.EvalLagrange" time elapsed: 00:00:00
----------------------------------------------------------

73/188 Testing: GF2_128.Extend
73/188 Test: GF2_128.Extend
Command: "/workspaces/longfellow-zk/clang-build-release/gf2k/gf2_128_test" "--gtest_filter=GF2_128.Extend" "--gtest_also_run_disabled_tests"
Directory: /workspaces/longfellow-zk/clang-build-release/gf2k
"GF2_128.Extend" start time: Jul 23 15:01 UTC
Output:
----------------------------------------------------------
Note: Google Test filter = GF2_128.Extend
[==========] Running 1 test from 1 test suite.
[----------] Global test environment set-up.
[----------] 1 test from GF2_128
[ RUN      ] GF2_128.Extend
[       OK ] GF2_128.Extend (0 ms)
[----------] 1 test from GF2_128 (0 ms total)

[----------] Global test environment tear-down
[==========] 1 test from 1 test suite ran. (0 ms total)
[  PASSED  ] 1 test.
<end of output>
Test time =   0.00 sec
----------------------------------------------------------
Test Passed.
"GF2_128.Extend" end time: Jul 23 15:01 UTC
"GF2_128.Extend" time elapsed: 00:00:00
----------------------------------------------------------

74/188 Testing: GF2_128.X
74/188 Test: GF2_128.X
Command: "/workspaces/longfellow-zk/clang-build-release/gf2k/gf2_128_test" "--gtest_filter=GF2_128.X" "--gtest_also_run_disabled_tests"
Directory: /workspaces/longfellow-zk/clang-build-release/gf2k
"GF2_128.X" start time: Jul 23 15:01 UTC
Output:
----------------------------------------------------------
Note: Google Test filter = GF2_128.X
[==========] Running 1 test from 1 test suite.
[----------] Global test environment set-up.
[----------] 1 test from GF2_128
[ RUN      ] GF2_128.X
[       OK ] GF2_128.X (0 ms)
[----------] 1 test from GF2_128 (0 ms total)

[----------] Global test environment tear-down
[==========] 1 test from 1 test suite ran. (0 ms total)
[  PASSED  ] 1 test.
<end of output>
Test time =   0.00 sec
----------------------------------------------------------
Test Passed.
"GF2_128.X" end time: Jul 23 15:01 UTC
"GF2_128.X" time elapsed: 00:00:00
----------------------------------------------------------

[...]
Command: "/workspaces/longfellow-zk/clang-build-release/circuits/sha/flatsha256_circuit_test" "--gtest_filter=FlatSHA256_Circuit.assert_message" "--gtest_also_run_disabled_tests"
Directory: /workspaces/longfellow-zk/clang-build-release/circuits/sha
"FlatSHA256_Circuit.assert_message" start time: Jul 23 15:05 UTC
Output:
----------------------------------------------------------
Note: Google Test filter = FlatSHA256_Circuit.assert_message
[==========] Running 1 test from 1 test suite.
[----------] Global test environment set-up.
[----------] 1 test from FlatSHA256_Circuit
[ RUN      ] FlatSHA256_Circuit.assert_message
[       OK ] FlatSHA256_Circuit.assert_message (1 ms)
[----------] 1 test from FlatSHA256_Circuit (1 ms total)

[----------] Global test environment tear-down
[==========] 1 test from 1 test suite ran. (1 ms total)
[  PASSED  ] 1 test.
<end of output>
Test time =   0.00 sec
----------------------------------------------------------
Test Passed.
"FlatSHA256_Circuit.assert_message" end time: Jul 23 15:05 UTC
"FlatSHA256_Circuit.assert_message" time elapsed: 00:00:00
----------------------------------------------------------

176/188 Testing: FlatSHA256_Circuit.assert_message_prefix
176/188 Test: FlatSHA256_Circuit.assert_message_prefix
Command: "/workspaces/longfellow-zk/clang-build-release/circuits/sha/flatsha256_circuit_test" "--gtest_filter=FlatSHA256_Circuit.assert_message_prefix" "--gtest_also_run_disabled_tests"
Directory: /workspaces/longfellow-zk/clang-build-release/circuits/sha
"FlatSHA256_Circuit.assert_message_prefix" start time: Jul 23 15:05 UTC
Output:
----------------------------------------------------------
Note: Google Test filter = FlatSHA256_Circuit.assert_message_prefix
[==========] Running 1 test from 1 test suite.
[----------] Global test environment set-up.
[----------] 1 test from FlatSHA256_Circuit
[ RUN      ] FlatSHA256_Circuit.assert_message_prefix
[       OK ] FlatSHA256_Circuit.assert_message_prefix (1346 ms)
[----------] 1 test from FlatSHA256_Circuit (1346 ms total)

[----------] Global test environment tear-down
[==========] 1 test from 1 test suite ran. (1346 ms total)
[  PASSED  ] 1 test.
<end of output>
Test time =   1.35 sec
----------------------------------------------------------
Test Passed.
"FlatSHA256_Circuit.assert_message_prefix" end time: Jul 23 15:05 UTC
"FlatSHA256_Circuit.assert_message_prefix" time elapsed: 00:00:01
----------------------------------------------------------

177/188 Testing: FlatSHA256_Circuit.block_size_p256
177/188 Test: FlatSHA256_Circuit.block_size_p256
Command: "/workspaces/longfellow-zk/clang-build-release/circuits/sha/flatsha256_circuit_test" "--gtest_filter=FlatSHA256_Circuit.block_size_p256" "--gtest_also_run_disabled_tests"
Directory: /workspaces/longfellow-zk/clang-build-release/circuits/sha
"FlatSHA256_Circuit.block_size_p256" start time: Jul 23 15:05 UTC
Output:
----------------------------------------------------------
Note: Google Test filter = FlatSHA256_Circuit.block_size_p256
[==========] Running 1 test from 1 test suite.
[----------] Global test environment set-up.
[----------] 1 test from FlatSHA256_Circuit
[ RUN      ] FlatSHA256_Circuit.block_size_p256
[INFO][+  133.708 ms] Compiled circuit: block_size_p256_pack_1
[INFO][+    0.013 ms]  depth: 7 wires: 38022 in: 6657 out:128 use:31002 ovh:7020 t:167348 cse:11815 notn:114548
[INFO][+    0.024 ms] SHA: nw:6963 nq:6 r:138 w:544 bl:682 bl_enc:4096 nrow:19

[       OK ] FlatSHA256_Circuit.block_size_p256 (137 ms)
[----------] 1 test from FlatSHA256_Circuit (137 ms total)

[----------] Global test environment tear-down
[==========] 1 test from 1 test suite ran. (137 ms total)
[  PASSED  ] 1 test.
<end of output>
Test time =   0.14 sec
----------------------------------------------------------
Test Passed.
"FlatSHA256_Circuit.block_size_p256" end time: Jul 23 15:05 UTC
"FlatSHA256_Circuit.block_size_p256" time elapsed: 00:00:00
----------------------------------------------------------

178/188 Testing: FlatSHA256_Circuit.block_size_p256_2
178/188 Test: FlatSHA256_Circuit.block_size_p256_2
Command: "/workspaces/longfellow-zk/clang-build-release/circuits/sha/flatsha256_circuit_test" "--gtest_filter=FlatSHA256_Circuit.block_size_p256_2" "--gtest_also_run_disabled_tests"
Directory: /workspaces/longfellow-zk/clang-build-release/circuits/sha
"FlatSHA256_Circuit.block_size_p256_2" start time: Jul 23 15:05 UTC
Output:
----------------------------------------------------------
Note: Google Test filter = FlatSHA256_Circuit.block_size_p256_2
[==========] Running 1 test from 1 test suite.
[----------] Global test environment set-up.
[----------] 1 test from FlatSHA256_Circuit
[ RUN      ] FlatSHA256_Circuit.block_size_p256_2
[INFO][+  170.637 ms] Compiled circuit: block_size_p256_pack_2
[INFO][+    0.012 ms]  depth: 9 wires: 65736 in: 3585 out:128 use:55589 ovh:10147 t:215504 cse:30247 notn:152308
[INFO][+    0.024 ms] SHA: nw:4001 nq:8 r:138 w:544 bl:682 bl_enc:4096 nrow:14

[       OK ] FlatSHA256_Circuit.block_size_p256_2 (175 ms)
[----------] 1 test from FlatSHA256_Circuit (175 ms total)

[----------] Global test environment tear-down
[==========] 1 test from 1 test suite ran. (175 ms total)
[  PASSED  ] 1 test.
<end of output>
Test time =   0.18 sec
----------------------------------------------------------
Test Passed.
"FlatSHA256_Circuit.block_size_p256_2" end time: Jul 23 15:05 UTC
"FlatSHA256_Circuit.block_size_p256_2" time elapsed: 00:00:00
----------------------------------------------------------

179/188 Testing: FlatSHA256_Circuit.block_size_p256_3
179/188 Test: FlatSHA256_Circuit.block_size_p256_3
Command: "/workspaces/longfellow-zk/clang-build-release/circuits/sha/flatsha256_circuit_test" "--gtest_filter=FlatSHA256_Circuit.block_size_p256_3" "--gtest_also_run_disabled_tests"
Directory: /workspaces/longfellow-zk/clang-build-release/circuits/sha
"FlatSHA256_Circuit.block_size_p256_3" start time: Jul 23 15:05 UTC
Output:
----------------------------------------------------------
Note: Google Test filter = FlatSHA256_Circuit.block_size_p256_3
[==========] Running 1 test from 1 test suite.
[----------] Global test environment set-up.
[----------] 1 test from FlatSHA256_Circuit
[ RUN      ] FlatSHA256_Circuit.block_size_p256_3
[INFO][+  194.199 ms] Compiled circuit: block_size_p256_pack_3
[INFO][+    0.013 ms]  depth: 10 wires: 76333 in: 2625 out:128 use:64999 ovh:11334 t:239919 cse:62503 notn:182068
[INFO][+    0.026 ms] SHA: nw:3100 nq:9 r:138 w:544 bl:682 bl_enc:4096 nrow:12

[       OK ] FlatSHA256_Circuit.block_size_p256_3 (201 ms)
[----------] 1 test from FlatSHA256_Circuit (201 ms total)

[----------] Global test environment tear-down
[==========] 1 test from 1 test suite ran. (201 ms total)
[  PASSED  ] 1 test.
<end of output>
Test time =   0.21 sec
----------------------------------------------------------
Test Passed.
"FlatSHA256_Circuit.block_size_p256_3" end time: Jul 23 15:05 UTC
"FlatSHA256_Circuit.block_size_p256_3" time elapsed: 00:00:00
----------------------------------------------------------

180/188 Testing: FlatSHA256_Circuit.block_size_p256_4
180/188 Test: FlatSHA256_Circuit.block_size_p256_4
Command: "/workspaces/longfellow-zk/clang-build-release/circuits/sha/flatsha256_circuit_test" "--gtest_filter=FlatSHA256_Circuit.block_size_p256_4" "--gtest_also_run_disabled_tests"
Directory: /workspaces/longfellow-zk/clang-build-release/circuits/sha
"FlatSHA256_Circuit.block_size_p256_4" start time: Jul 23 15:05 UTC
Output:
----------------------------------------------------------
Note: Google Test filter = FlatSHA256_Circuit.block_size_p256_4
[==========] Running 1 test from 1 test suite.
[----------] Global test environment set-up.
[----------] 1 test from FlatSHA256_Circuit
[ RUN      ] FlatSHA256_Circuit.block_size_p256_4
[INFO][+  238.387 ms] Compiled circuit: block_size_p256_pack_4
[INFO][+    0.013 ms]  depth: 11 wires: 85778 in: 2049 out:128 use:74023 ovh:11755 t:273556 cse:125479 notn:233716
[INFO][+    0.024 ms] SHA: nw:2583 nq:10 r:138 w:203 bl:341 bl_enc:2048 nrow:19

[       OK ] FlatSHA256_Circuit.block_size_p256_4 (246 ms)
[----------] 1 test from FlatSHA256_Circuit (246 ms total)

[----------] Global test environment tear-down
[==========] 1 test from 1 test suite ran. (246 ms total)
[  PASSED  ] 1 test.
<end of output>
Test time =   0.25 sec
----------------------------------------------------------
Test Passed.
"FlatSHA256_Circuit.block_size_p256_4" end time: Jul 23 15:05 UTC
"FlatSHA256_Circuit.block_size_p256_4" time elapsed: 00:00:00
----------------------------------------------------------

181/188 Testing: FlatSHA256_Circuit.block_size_gf2_128_1
181/188 Test: FlatSHA256_Circuit.block_size_gf2_128_1
Command: "/workspaces/longfellow-zk/clang-build-release/circuits/sha/flatsha256_circuit_test" "--gtest_filter=FlatSHA256_Circuit.block_size_gf2_128_1" "--gtest_also_run_disabled_tests"
Directory: /workspaces/longfellow-zk/clang-build-release/circuits/sha
"FlatSHA256_Circuit.block_size_gf2_128_1" start time: Jul 23 15:05 UTC
Output:
----------------------------------------------------------
Note: Google Test filter = FlatSHA256_Circuit.block_size_gf2_128_1
[==========] Running 1 test from 1 test suite.
[----------] Global test environment set-up.
[----------] 1 test from FlatSHA256_Circuit
[ RUN      ] FlatSHA256_Circuit.block_size_gf2_128_1
[INFO][+   80.181 ms] Compiled circuit: block_size_gf2128_pack_1
[INFO][+    0.012 ms]  depth: 13 wires: 53435 in: 6657 out:128 use:49257 ovh:4178 t:87642 cse:28647 notn:71593
[INFO][+    0.090 ms] SHA: nw:7253 nq:12 r:138 w:203 bl:341 bl_enc:2048 nrow:42

[       OK ] FlatSHA256_Circuit.block_size_gf2_128_1 (82 ms)
[----------] 1 test from FlatSHA256_Circuit (82 ms total)

[----------] Global test environment tear-down
[==========] 1 test from 1 test suite ran. (82 ms total)
[  PASSED  ] 1 test.
<end of output>
Test time =   0.09 sec
----------------------------------------------------------
Test Passed.
"FlatSHA256_Circuit.block_size_gf2_128_1" end time: Jul 23 15:05 UTC
"FlatSHA256_Circuit.block_size_gf2_128_1" time elapsed: 00:00:00
----------------------------------------------------------

182/188 Testing: FlatSHA256_Circuit.block_size_gf2_128_2
182/188 Test: FlatSHA256_Circuit.block_size_gf2_128_2
Command: "/workspaces/longfellow-zk/clang-build-release/circuits/sha/flatsha256_circuit_test" "--gtest_filter=FlatSHA256_Circuit.block_size_gf2_128_2" "--gtest_also_run_disabled_tests"
Directory: /workspaces/longfellow-zk/clang-build-release/circuits/sha
"FlatSHA256_Circuit.block_size_gf2_128_2" start time: Jul 23 15:05 UTC
Output:
----------------------------------------------------------
Note: Google Test filter = FlatSHA256_Circuit.block_size_gf2_128_2
[==========] Running 1 test from 1 test suite.
[----------] Global test environment set-up.
[----------] 1 test from FlatSHA256_Circuit
[ RUN      ] FlatSHA256_Circuit.block_size_gf2_128_2
[INFO][+  127.291 ms] Compiled circuit: block_size_gf2128_pack_2
[INFO][+    0.011 ms]  depth: 14 wires: 65727 in: 3585 out:128 use:62569 ovh:3158 t:150991 cse:55303 notn:103056
[INFO][+    0.034 ms] SHA: nw:4228 nq:13 r:138 w:203 bl:341 bl_enc:2048 nrow:27

[       OK ] FlatSHA256_Circuit.block_size_gf2_128_2 (131 ms)
[----------] 1 test from FlatSHA256_Circuit (131 ms total)

[----------] Global test environment tear-down
[==========] 1 test from 1 test suite ran. (131 ms total)
[  PASSED  ] 1 test.
<end of output>
Test time =   0.13 sec
----------------------------------------------------------
Test Passed.
"FlatSHA256_Circuit.block_size_gf2_128_2" end time: Jul 23 15:05 UTC
"FlatSHA256_Circuit.block_size_gf2_128_2" time elapsed: 00:00:00
----------------------------------------------------------

183/188 Testing: FlatSHA256_Circuit.block_size_gf2_128_3
183/188 Test: FlatSHA256_Circuit.block_size_gf2_128_3
Command: "/workspaces/longfellow-zk/clang-build-release/circuits/sha/flatsha256_circuit_test" "--gtest_filter=FlatSHA256_Circuit.block_size_gf2_128_3" "--gtest_also_run_disabled_tests"
Directory: /workspaces/longfellow-zk/clang-build-release/circuits/sha
"FlatSHA256_Circuit.block_size_gf2_128_3" start time: Jul 23 15:05 UTC
Output:
----------------------------------------------------------
Note: Google Test filter = FlatSHA256_Circuit.block_size_gf2_128_3
[==========] Running 1 test from 1 test suite.
[----------] Global test environment set-up.
[----------] 1 test from FlatSHA256_Circuit
[ RUN      ] FlatSHA256_Circuit.block_size_gf2_128_3
[INFO][+  140.621 ms] Compiled circuit: block_size_gf2128_pack_3
[INFO][+    0.014 ms]  depth: 15 wires: 73818 in: 2625 out:128 use:70633 ovh:3185 t:166494 cse:93895 notn:121105
[INFO][+    0.036 ms] SHA: nw:3327 nq:14 r:138 w:203 bl:341 bl_enc:2048 nrow:23

[       OK ] FlatSHA256_Circuit.block_size_gf2_128_3 (147 ms)
[----------] 1 test from FlatSHA256_Circuit (147 ms total)

[----------] Global test environment tear-down
[==========] 1 test from 1 test suite ran. (147 ms total)
[  PASSED  ] 1 test.
<end of output>
Test time =   0.15 sec
----------------------------------------------------------
Test Passed.
"FlatSHA256_Circuit.block_size_gf2_128_3" end time: Jul 23 15:05 UTC
"FlatSHA256_Circuit.block_size_gf2_128_3" time elapsed: 00:00:00
----------------------------------------------------------

184/188 Testing: FlatSHA256_Circuit.block_size_gf2_128_4
184/188 Test: FlatSHA256_Circuit.block_size_gf2_128_4
Command: "/workspaces/longfellow-zk/clang-build-release/circuits/sha/flatsha256_circuit_test" "--gtest_filter=FlatSHA256_Circuit.block_size_gf2_128_4" "--gtest_also_run_disabled_tests"
Directory: /workspaces/longfellow-zk/clang-build-release/circuits/sha
"FlatSHA256_Circuit.block_size_gf2_128_4" start time: Jul 23 15:05 UTC
Output:
----------------------------------------------------------
Note: Google Test filter = FlatSHA256_Circuit.block_size_gf2_128_4
[==========] Running 1 test from 1 test suite.
[----------] Global test environment set-up.
[----------] 1 test from FlatSHA256_Circuit
[ RUN      ] FlatSHA256_Circuit.block_size_gf2_128_4
[INFO][+  161.206 ms] Compiled circuit: block_size_gf2128_pack_4
[INFO][+    0.014 ms]  depth: 16 wires: 79607 in: 2049 out:128 use:76387 ovh:3220 t:177959 cse:175111 notn:139920
[INFO][+    0.026 ms] SHA: nw:2810 nq:15 r:138 w:203 bl:341 bl_enc:2048 nrow:20

[       OK ] FlatSHA256_Circuit.block_size_gf2_128_4 (166 ms)
[----------] 1 test from FlatSHA256_Circuit (166 ms total)

[----------] Global test environment tear-down
[==========] 1 test from 1 test suite ran. (166 ms total)
[  PASSED  ] 1 test.
<end of output>
Test time =   0.17 sec
----------------------------------------------------------
Test Passed.
"FlatSHA256_Circuit.block_size_gf2_128_4" end time: Jul 23 15:05 UTC
"FlatSHA256_Circuit.block_size_gf2_128_4" time elapsed: 00:00:00
----------------------------------------------------------

185/188 Testing: SHA3_Circuit.Keccak_F_1600
185/188 Test: SHA3_Circuit.Keccak_F_1600
Command: "/workspaces/longfellow-zk/clang-build-release/circuits/sha3/sha3_circuit_test" "--gtest_filter=SHA3_Circuit.Keccak_F_1600" "--gtest_also_run_disabled_tests"
Directory: /workspaces/longfellow-zk/clang-build-release/circuits/sha3
"SHA3_Circuit.Keccak_F_1600" start time: Jul 23 15:05 UTC
Output:
----------------------------------------------------------
Note: Google Test filter = SHA3_Circuit.Keccak_F_1600
[==========] Running 1 test from 1 test suite.
[----------] Global test environment set-up.
[----------] 1 test from SHA3_Circuit
[ RUN      ] SHA3_Circuit.Keccak_F_1600
[INFO][+  455.600 ms] Compiled circuit: sha3
[INFO][+    0.012 ms]  depth: 26 wires: 41625 in: 1601 out:1600 use:41601 ovh:24 t:1237730 cse:0 notn:192169
[       OK ] SHA3_Circuit.Keccak_F_1600 (471 ms)
[----------] 1 test from SHA3_Circuit (471 ms total)

[----------] Global test environment tear-down
[==========] 1 test from 1 test suite ran. (471 ms total)
[  PASSED  ] 1 test.
<end of output>
Test time =   0.57 sec
----------------------------------------------------------
Test Passed.
"SHA3_Circuit.Keccak_F_1600" end time: Jul 23 15:05 UTC
"SHA3_Circuit.Keccak_F_1600" time elapsed: 00:00:00
----------------------------------------------------------

186/188 Testing: SHA3_Circuit.Keccak_F_1600_Copies
186/188 Test: SHA3_Circuit.Keccak_F_1600_Copies
Command: "/workspaces/longfellow-zk/clang-build-release/circuits/sha3/sha3_circuit_test" "--gtest_filter=SHA3_Circuit.Keccak_F_1600_Copies" "--gtest_also_run_disabled_tests"
Directory: /workspaces/longfellow-zk/clang-build-release/circuits/sha3
"SHA3_Circuit.Keccak_F_1600_Copies" start time: Jul 23 15:05 UTC
Output:
----------------------------------------------------------
Note: Google Test filter = SHA3_Circuit.Keccak_F_1600_Copies
[==========] Running 1 test from 1 test suite.
[----------] Global test environment set-up.
[----------] 1 test from SHA3_Circuit
[ RUN      ] SHA3_Circuit.Keccak_F_1600_Copies
[INFO][+  446.332 ms] Compiled circuit: sha3
[INFO][+    0.013 ms]  depth: 26 wires: 41625 in: 1601 out:1600 use:41601 ovh:24 t:1237730 cse:0 notn:192169
[       OK ] SHA3_Circuit.Keccak_F_1600_Copies (822 ms)
[----------] 1 test from SHA3_Circuit (822 ms total)

[----------] Global test environment tear-down
[==========] 1 test from 1 test suite ran. (822 ms total)
[  PASSED  ] 1 test.
<end of output>
Test time =   0.83 sec
----------------------------------------------------------
Test Passed.
"SHA3_Circuit.Keccak_F_1600_Copies" end time: Jul 23 15:05 UTC
"SHA3_Circuit.Keccak_F_1600_Copies" time elapsed: 00:00:00
----------------------------------------------------------

187/188 Testing: Sha3Reference.TestVec
187/188 Test: Sha3Reference.TestVec
Command: "/workspaces/longfellow-zk/clang-build-release/circuits/sha3/sha3_reference_test" "--gtest_filter=Sha3Reference.TestVec" "--gtest_also_run_disabled_tests"
Directory: /workspaces/longfellow-zk/clang-build-release/circuits/sha3
"Sha3Reference.TestVec" start time: Jul 23 15:05 UTC
Output:
----------------------------------------------------------
Note: Google Test filter = Sha3Reference.TestVec
[==========] Running 1 test from 1 test suite.
[----------] Global test environment set-up.
[----------] 1 test from Sha3Reference
[ RUN      ] Sha3Reference.TestVec
[       OK ] Sha3Reference.TestVec (0 ms)
[----------] 1 test from Sha3Reference (0 ms total)

[----------] Global test environment tear-down
[==========] 1 test from 1 test suite ran. (0 ms total)
[  PASSED  ] 1 test.
<end of output>
Test time =   0.00 sec
----------------------------------------------------------
Test Passed.
"Sha3Reference.TestVec" end time: Jul 23 15:05 UTC
"Sha3Reference.TestVec" time elapsed: 00:00:00
----------------------------------------------------------

188/188 Testing: Sha3Reference.OneMillionAs
188/188 Test: Sha3Reference.OneMillionAs
Command: "/workspaces/longfellow-zk/clang-build-release/circuits/sha3/sha3_reference_test" "--gtest_filter=Sha3Reference.OneMillionAs" "--gtest_also_run_disabled_tests"
Directory: /workspaces/longfellow-zk/clang-build-release/circuits/sha3
"Sha3Reference.OneMillionAs" start time: Jul 23 15:05 UTC
Output:
----------------------------------------------------------
Note: Google Test filter = Sha3Reference.OneMillionAs
[==========] Running 1 test from 1 test suite.
[----------] Global test environment set-up.
[----------] 1 test from Sha3Reference
[ RUN      ] Sha3Reference.OneMillionAs
[       OK ] Sha3Reference.OneMillionAs (17 ms)
[----------] 1 test from Sha3Reference (17 ms total)

[----------] Global test environment tear-down
[==========] 1 test from 1 test suite ran. (17 ms total)
[  PASSED  ] 1 test.
<end of output>
Test time =   0.02 sec
----------------------------------------------------------
Test Passed.
"Sha3Reference.OneMillionAs" end time: Jul 23 15:05 UTC
"Sha3Reference.OneMillionAs" time elapsed: 00:00:00
----------------------------------------------------------

End testing: Jul 23 15:05 UTC
